-------------------------------------------------------------------------------
Test set: com.mycompany.mavenproject1.exemplo.jpa.CategoriaTest
-------------------------------------------------------------------------------
Tests run: 2, Failures: 0, Errors: 2, Skipped: 0, Time elapsed: 1.107 s <<< FAILURE! -- in com.mycompany.mavenproject1.exemplo.jpa.CategoriaTest
com.mycompany.mavenproject1.exemplo.jpa.CategoriaTest -- Time elapsed: 1.101 s <<< ERROR!
jakarta.persistence.PersistenceException: 
Exception [EclipseLink-28019] (Eclipse Persistence Services - 4.0.4.v202407190748-059428cdd2583c46f1f3e50d235854840a6fa9a7): org.eclipse.persistence.exceptions.EntityManagerSetupException
Exception Description: Deployment of PersistenceUnit [exemplo_01] failed. Close all factories for this PersistenceUnit.
Internal Exception: Exception [EclipseLink-0] (Eclipse Persistence Services - 4.0.4.v202407190748-059428cdd2583c46f1f3e50d235854840a6fa9a7): org.eclipse.persistence.exceptions.IntegrityException
Descriptor Exceptions: 
---------------------------------------------------------

Exception [EclipseLink-48] (Eclipse Persistence Services - 4.0.4.v202407190748-059428cdd2583c46f1f3e50d235854840a6fa9a7): org.eclipse.persistence.exceptions.DescriptorException
Exception Description: Multiple writable mappings exist for the field [CONTRATO.ID].  Only one may be defined as writable, all others must be specified read-only.
Mapping: org.eclipse.persistence.mappings.ManyToOneMapping[contrato]
Descriptor: RelationalDescriptor(com.mycompany.mavenproject1.exemplo.jpa.Contrato --> [DatabaseTable(CONTRATO)])

Exception [EclipseLink-48] (Eclipse Persistence Services - 4.0.4.v202407190748-059428cdd2583c46f1f3e50d235854840a6fa9a7): org.eclipse.persistence.exceptions.DescriptorException
Exception Description: Multiple writable mappings exist for the field [CONTRATO.ID].  Only one may be defined as writable, all others must be specified read-only.
Mapping: org.eclipse.persistence.mappings.ManyToOneMapping[servico]
Descriptor: RelationalDescriptor(com.mycompany.mavenproject1.exemplo.jpa.Contrato --> [DatabaseTable(CONTRATO)])

Exception [EclipseLink-93] (Eclipse Persistence Services - 4.0.4.v202407190748-059428cdd2583c46f1f3e50d235854840a6fa9a7): org.eclipse.persistence.exceptions.DescriptorException
Exception Description: The table [CONTRATO] is not present in this descriptor.
Descriptor: RelationalDescriptor(com.mycompany.mavenproject1.exemplo.jpa.Servico --> [DatabaseTable(SERVICO)])

Exception [EclipseLink-41] (Eclipse Persistence Services - 4.0.4.v202407190748-059428cdd2583c46f1f3e50d235854840a6fa9a7): org.eclipse.persistence.exceptions.DescriptorException
Exception Description: A non-read-only mapping must be defined for the sequence number field.
Descriptor: RelationalDescriptor(com.mycompany.mavenproject1.exemplo.jpa.Servico --> [DatabaseTable(SERVICO)])

Runtime Exceptions: 
---------------------------------------------------------

	at org.eclipse.persistence.internal.jpa.EntityManagerSetupImpl.createDeployFailedPersistenceException(EntityManagerSetupImpl.java:904)
	at org.eclipse.persistence.internal.jpa.EntityManagerSetupImpl.deploy(EntityManagerSetupImpl.java:849)
	at org.eclipse.persistence.internal.jpa.EntityManagerFactoryDelegate.getAbstractSession(EntityManagerFactoryDelegate.java:226)
	at org.eclipse.persistence.internal.jpa.EntityManagerFactoryDelegate.getDatabaseSession(EntityManagerFactoryDelegate.java:203)
	at org.eclipse.persistence.internal.jpa.EntityManagerFactoryImpl.getDatabaseSession(EntityManagerFactoryImpl.java:534)
	at org.eclipse.persistence.jpa.PersistenceProvider.createEntityManagerFactoryImpl(PersistenceProvider.java:153)
	at org.eclipse.persistence.jpa.PersistenceProvider.createEntityManagerFactory(PersistenceProvider.java:191)
	at jakarta.persistence.Persistence.createEntityManagerFactory(Persistence.java:80)
	at jakarta.persistence.Persistence.createEntityManagerFactory(Persistence.java:55)
	at com.mycompany.mavenproject1.exemplo.jpa.Teste.setUpClass(Teste.java:28)
	at java.base/jdk.internal.reflect.DirectMethodHandleAccessor.invoke(DirectMethodHandleAccessor.java:103)
	at java.base/java.lang.reflect.Method.invoke(Method.java:580)
	at org.junit.runners.model.FrameworkMethod$1.runReflectiveCall(FrameworkMethod.java:59)
	at org.junit.internal.runners.model.ReflectiveCallable.run(ReflectiveCallable.java:12)
	at org.junit.runners.model.FrameworkMethod.invokeExplosively(FrameworkMethod.java:56)
	at org.junit.internal.runners.statements.RunBefores.invokeMethod(RunBefores.java:33)
	at org.junit.internal.runners.statements.RunBefores.evaluate(RunBefores.java:24)
	at org.junit.internal.runners.statements.RunAfters.evaluate(RunAfters.java:27)
	at org.junit.runners.ParentRunner$3.evaluate(ParentRunner.java:306)
	at org.junit.runners.ParentRunner.run(ParentRunner.java:413)
	at org.apache.maven.surefire.junit4.JUnit4Provider.execute(JUnit4Provider.java:316)
	at org.apache.maven.surefire.junit4.JUnit4Provider.executeWithRerun(JUnit4Provider.java:240)
	at org.apache.maven.surefire.junit4.JUnit4Provider.executeTestSet(JUnit4Provider.java:214)
	at org.apache.maven.surefire.junit4.JUnit4Provider.invoke(JUnit4Provider.java:155)
	at org.apache.maven.surefire.booter.ForkedBooter.runSuitesInProcess(ForkedBooter.java:385)
	at org.apache.maven.surefire.booter.ForkedBooter.execute(ForkedBooter.java:162)
	at org.apache.maven.surefire.booter.ForkedBooter.run(ForkedBooter.java:507)
	at org.apache.maven.surefire.booter.ForkedBooter.main(ForkedBooter.java:495)
Caused by: Exception [EclipseLink-28019] (Eclipse Persistence Services - 4.0.4.v202407190748-059428cdd2583c46f1f3e50d235854840a6fa9a7): org.eclipse.persistence.exceptions.EntityManagerSetupException
Exception Description: Deployment of PersistenceUnit [exemplo_01] failed. Close all factories for this PersistenceUnit.
Internal Exception: Exception [EclipseLink-0] (Eclipse Persistence Services - 4.0.4.v202407190748-059428cdd2583c46f1f3e50d235854840a6fa9a7): org.eclipse.persistence.exceptions.IntegrityException
Descriptor Exceptions: 
---------------------------------------------------------

Exception [EclipseLink-48] (Eclipse Persistence Services - 4.0.4.v202407190748-059428cdd2583c46f1f3e50d235854840a6fa9a7): org.eclipse.persistence.exceptions.DescriptorException
Exception Description: Multiple writable mappings exist for the field [CONTRATO.ID].  Only one may be defined as writable, all others must be specified read-only.
Mapping: org.eclipse.persistence.mappings.ManyToOneMapping[contrato]
Descriptor: RelationalDescriptor(com.mycompany.mavenproject1.exemplo.jpa.Contrato --> [DatabaseTable(CONTRATO)])

Exception [EclipseLink-48] (Eclipse Persistence Services - 4.0.4.v202407190748-059428cdd2583c46f1f3e50d235854840a6fa9a7): org.eclipse.persistence.exceptions.DescriptorException
Exception Description: Multiple writable mappings exist for the field [CONTRATO.ID].  Only one may be defined as writable, all others must be specified read-only.
Mapping: org.eclipse.persistence.mappings.ManyToOneMapping[servico]
Descriptor: RelationalDescriptor(com.mycompany.mavenproject1.exemplo.jpa.Contrato --> [DatabaseTable(CONTRATO)])

Exception [EclipseLink-93] (Eclipse Persistence Services - 4.0.4.v202407190748-059428cdd2583c46f1f3e50d235854840a6fa9a7): org.eclipse.persistence.exceptions.DescriptorException
Exception Description: The table [CONTRATO] is not present in this descriptor.
Descriptor: RelationalDescriptor(com.mycompany.mavenproject1.exemplo.jpa.Servico --> [DatabaseTable(SERVICO)])

Exception [EclipseLink-41] (Eclipse Persistence Services - 4.0.4.v202407190748-059428cdd2583c46f1f3e50d235854840a6fa9a7): org.eclipse.persistence.exceptions.DescriptorException
Exception Description: A non-read-only mapping must be defined for the sequence number field.
Descriptor: RelationalDescriptor(com.mycompany.mavenproject1.exemplo.jpa.Servico --> [DatabaseTable(SERVICO)])

Runtime Exceptions: 
---------------------------------------------------------

	at org.eclipse.persistence.exceptions.EntityManagerSetupException.deployFailed(EntityManagerSetupException.java:241)
	... 28 more
Caused by: Exception [EclipseLink-0] (Eclipse Persistence Services - 4.0.4.v202407190748-059428cdd2583c46f1f3e50d235854840a6fa9a7): org.eclipse.persistence.exceptions.IntegrityException
Descriptor Exceptions: 
---------------------------------------------------------

Exception [EclipseLink-48] (Eclipse Persistence Services - 4.0.4.v202407190748-059428cdd2583c46f1f3e50d235854840a6fa9a7): org.eclipse.persistence.exceptions.DescriptorException
Exception Description: Multiple writable mappings exist for the field [CONTRATO.ID].  Only one may be defined as writable, all others must be specified read-only.
Mapping: org.eclipse.persistence.mappings.ManyToOneMapping[contrato]
Descriptor: RelationalDescriptor(com.mycompany.mavenproject1.exemplo.jpa.Contrato --> [DatabaseTable(CONTRATO)])

Exception [EclipseLink-48] (Eclipse Persistence Services - 4.0.4.v202407190748-059428cdd2583c46f1f3e50d235854840a6fa9a7): org.eclipse.persistence.exceptions.DescriptorException
Exception Description: Multiple writable mappings exist for the field [CONTRATO.ID].  Only one may be defined as writable, all others must be specified read-only.
Mapping: org.eclipse.persistence.mappings.ManyToOneMapping[servico]
Descriptor: RelationalDescriptor(com.mycompany.mavenproject1.exemplo.jpa.Contrato --> [DatabaseTable(CONTRATO)])

Exception [EclipseLink-93] (Eclipse Persistence Services - 4.0.4.v202407190748-059428cdd2583c46f1f3e50d235854840a6fa9a7): org.eclipse.persistence.exceptions.DescriptorException
Exception Description: The table [CONTRATO] is not present in this descriptor.
Descriptor: RelationalDescriptor(com.mycompany.mavenproject1.exemplo.jpa.Servico --> [DatabaseTable(SERVICO)])

Exception [EclipseLink-41] (Eclipse Persistence Services - 4.0.4.v202407190748-059428cdd2583c46f1f3e50d235854840a6fa9a7): org.eclipse.persistence.exceptions.DescriptorException
Exception Description: A non-read-only mapping must be defined for the sequence number field.
Descriptor: RelationalDescriptor(com.mycompany.mavenproject1.exemplo.jpa.Servico --> [DatabaseTable(SERVICO)])

Runtime Exceptions: 
---------------------------------------------------------

	at org.eclipse.persistence.internal.sessions.DatabaseSessionImpl.initializeDescriptors(DatabaseSessionImpl.java:762)
	at org.eclipse.persistence.internal.sessions.DatabaseSessionImpl.initializeDescriptors(DatabaseSessionImpl.java:698)
	at org.eclipse.persistence.internal.sessions.DatabaseSessionImpl.initializeDescriptors(DatabaseSessionImpl.java:629)
	at org.eclipse.persistence.internal.sessions.DatabaseSessionImpl.postConnectDatasource(DatabaseSessionImpl.java:875)
	at org.eclipse.persistence.internal.sessions.DatabaseSessionImpl.login(DatabaseSessionImpl.java:825)
	at org.eclipse.persistence.internal.jpa.EntityManagerFactoryProvider.login(EntityManagerFactoryProvider.java:261)
	at org.eclipse.persistence.internal.jpa.EntityManagerSetupImpl.deploy(EntityManagerSetupImpl.java:770)
	... 26 more

com.mycompany.mavenproject1.exemplo.jpa.CategoriaTest -- Time elapsed: 1.104 s <<< ERROR!
java.lang.NullPointerException: Cannot invoke "jakarta.persistence.EntityManagerFactory.close()" because "com.mycompany.mavenproject1.exemplo.jpa.Teste.emf" is null
	at com.mycompany.mavenproject1.exemplo.jpa.Teste.tearDownClass(Teste.java:34)
	at java.base/jdk.internal.reflect.DirectMethodHandleAccessor.invoke(DirectMethodHandleAccessor.java:103)
	at java.base/java.lang.reflect.Method.invoke(Method.java:580)
	at org.junit.runners.model.FrameworkMethod$1.runReflectiveCall(FrameworkMethod.java:59)
	at org.junit.internal.runners.model.ReflectiveCallable.run(ReflectiveCallable.java:12)
	at org.junit.runners.model.FrameworkMethod.invokeExplosively(FrameworkMethod.java:56)
	at org.junit.internal.runners.statements.RunAfters.invokeMethod(RunAfters.java:46)
	at org.junit.internal.runners.statements.RunAfters.evaluate(RunAfters.java:33)
	at org.junit.runners.ParentRunner$3.evaluate(ParentRunner.java:306)
	at org.junit.runners.ParentRunner.run(ParentRunner.java:413)
	at org.apache.maven.surefire.junit4.JUnit4Provider.execute(JUnit4Provider.java:316)
	at org.apache.maven.surefire.junit4.JUnit4Provider.executeWithRerun(JUnit4Provider.java:240)
	at org.apache.maven.surefire.junit4.JUnit4Provider.executeTestSet(JUnit4Provider.java:214)
	at org.apache.maven.surefire.junit4.JUnit4Provider.invoke(JUnit4Provider.java:155)
	at org.apache.maven.surefire.booter.ForkedBooter.runSuitesInProcess(ForkedBooter.java:385)
	at org.apache.maven.surefire.booter.ForkedBooter.execute(ForkedBooter.java:162)
	at org.apache.maven.surefire.booter.ForkedBooter.run(ForkedBooter.java:507)
	at org.apache.maven.surefire.booter.ForkedBooter.main(ForkedBooter.java:495)

