<?xml version="1.0" encoding="UTF-8"?>
<testsuite xmlns:xsi="http://www.w3.org/2001/XMLSchema-instance" xsi:noNamespaceSchemaLocation="https://maven.apache.org/surefire/maven-surefire-plugin/xsd/surefire-test-report-3.0.xsd" version="3.0" name="com.mycompany.mavenproject1.exemplo.jpa.CategoriaTest" time="1.339" tests="5" errors="0" skipped="0" failures="0">
  <properties>
[...]
</properties>
  <testcase name="testRemoveCategoria" classname="com.mycompany.mavenproject1.exemplo.jpa.CategoriaTest" time="0.048">
    <system-out><![CDATA[[EL Fine]: server: 2025-12-10 19:08:46.053--Thread(Thread[#1,main,5,main])--Configured server platform: org.eclipse.persistence.platform.server.NoServerPlatform
[EL Config]: metadata: 2025-12-10 19:08:46.163--ServerSession(20094719)--Thread(Thread[#1,main,5,main])--The access type for the persistent class [class com.mycompany.mavenproject1.exemplo.jpa.Categoria] is set to [FIELD].
[EL Config]: metadata: 2025-12-10 19:08:46.176--ServerSession(20094719)--Thread(Thread[#1,main,5,main])--The access type for the persistent class [class com.mycompany.mavenproject1.exemplo.jpa.Contrato] is set to [FIELD].
[EL Config]: metadata: 2025-12-10 19:08:46.182--ServerSession(20094719)--Thread(Thread[#1,main,5,main])--The target entity (reference) class for the many to one mapping element [field servico] is being defaulted to: class com.mycompany.mavenproject1.exemplo.jpa.Servico.
[EL Config]: metadata: 2025-12-10 19:08:46.182--ServerSession(20094719)--Thread(Thread[#1,main,5,main])--The access type for the persistent class [class com.mycompany.mavenproject1.exemplo.jpa.Usuario] is set to [FIELD].
[EL Config]: metadata: 2025-12-10 19:08:46.183--ServerSession(20094719)--Thread(Thread[#1,main,5,main])--The access type for the persistent class [class com.mycompany.mavenproject1.exemplo.jpa.Prestador] is set to [FIELD].
[EL Config]: metadata: 2025-12-10 19:08:46.185--ServerSession(20094719)--Thread(Thread[#1,main,5,main])--The target entity (reference) class for the one to many mapping element [field servicos] is being defaulted to: class com.mycompany.mavenproject1.exemplo.jpa.Servico.
[EL Config]: metadata: 2025-12-10 19:08:46.186--ServerSession(20094719)--Thread(Thread[#1,main,5,main])--The access type for the persistent class [class com.mycompany.mavenproject1.exemplo.jpa.Servico] is set to [FIELD].
[EL Config]: metadata: 2025-12-10 19:08:46.187--ServerSession(20094719)--Thread(Thread[#1,main,5,main])--The target entity (reference) class for the many to one mapping element [field prestador] is being defaulted to: class com.mycompany.mavenproject1.exemplo.jpa.Prestador.
[EL Config]: metadata: 2025-12-10 19:08:46.188--ServerSession(20094719)--Thread(Thread[#1,main,5,main])--The target entity (reference) class for the many to many mapping element [field categorias] is being defaulted to: class com.mycompany.mavenproject1.exemplo.jpa.Categoria.
[EL Config]: metadata: 2025-12-10 19:08:46.189--ServerSession(20094719)--Thread(Thread[#1,main,5,main])--The target entity (reference) class for the one to many mapping element [field contratos] is being defaulted to: class com.mycompany.mavenproject1.exemplo.jpa.Contrato.
[EL Config]: metadata: 2025-12-10 19:08:46.189--ServerSession(20094719)--Thread(Thread[#1,main,5,main])--The access type for the persistent class [class com.mycompany.mavenproject1.exemplo.jpa.Cliente] is set to [FIELD].
[EL Config]: metadata: 2025-12-10 19:08:46.19--ServerSession(20094719)--Thread(Thread[#1,main,5,main])--The alias name for the entity class [class com.mycompany.mavenproject1.exemplo.jpa.Categoria] is being defaulted to: Categoria.
[EL Config]: metadata: 2025-12-10 19:08:46.199--ServerSession(20094719)--Thread(Thread[#1,main,5,main])--The column name for element [id] is being defaulted to: ID.
[EL Config]: metadata: 2025-12-10 19:08:46.201--ServerSession(20094719)--Thread(Thread[#1,main,5,main])--The alias name for the entity class [class com.mycompany.mavenproject1.exemplo.jpa.Contrato] is being defaulted to: Contrato.
[EL Config]: metadata: 2025-12-10 19:08:46.201--ServerSession(20094719)--Thread(Thread[#1,main,5,main])--The column name for element [id] is being defaulted to: ID.
[EL Config]: metadata: 2025-12-10 19:08:46.202--ServerSession(20094719)--Thread(Thread[#1,main,5,main])--The alias name for the entity class [class com.mycompany.mavenproject1.exemplo.jpa.Prestador] is being defaulted to: Prestador.
[EL Config]: metadata: 2025-12-10 19:08:46.202--ServerSession(20094719)--Thread(Thread[#1,main,5,main])--The alias name for the entity class [class com.mycompany.mavenproject1.exemplo.jpa.Usuario] is being defaulted to: Usuario.
[EL Config]: metadata: 2025-12-10 19:08:46.203--ServerSession(20094719)--Thread(Thread[#1,main,5,main])--The column name for element [id] is being defaulted to: ID.
[EL Config]: metadata: 2025-12-10 19:08:46.204--ServerSession(20094719)--Thread(Thread[#1,main,5,main])--The alias name for the entity class [class com.mycompany.mavenproject1.exemplo.jpa.Servico] is being defaulted to: Servico.
[EL Config]: metadata: 2025-12-10 19:08:46.204--ServerSession(20094719)--Thread(Thread[#1,main,5,main])--The column name for element [id] is being defaulted to: ID.
[EL Config]: metadata: 2025-12-10 19:08:46.205--ServerSession(20094719)--Thread(Thread[#1,main,5,main])--The alias name for the entity class [class com.mycompany.mavenproject1.exemplo.jpa.Cliente] is being defaulted to: Cliente.
[EL Config]: metadata: 2025-12-10 19:08:46.218--ServerSession(20094719)--Thread(Thread[#1,main,5,main])--The source primary key column name for the many to many mapping [field categorias] is being defaulted to: ID.
[EL Config]: metadata: 2025-12-10 19:08:46.218--ServerSession(20094719)--Thread(Thread[#1,main,5,main])--The target primary key column name for the many to many mapping [field categorias] is being defaulted to: ID.
[EL Config]: weaver: 2025-12-10 19:08:46.225--ServerSession(20094719)--Thread(Thread[#1,main,5,main])--Class com.mycompany.mavenproject1.exemplo.jpa.Prestador could not be weaved for change tracking as it is not supported by its mappings.
[EL Info]: 2025-12-10 19:08:46.319--ServerSession(20094719)--Thread(Thread[#1,main,5,main])--EclipseLink, version: Eclipse Persistence Services - 4.0.4.v202407190748-059428cdd2583c46f1f3e50d235854840a6fa9a7
[EL Fine]: connection: 2025-12-10 19:08:46.323--ServerSession(20094719)--Connection(873634936)--Thread(Thread[#1,main,5,main])--connecting(DatabaseLogin(
	platform=>DerbyPlatform
	user name=> "app"
	datasource URL=> "jdbc:derby://localhost:1527/exemplo_01;create=true"
))
[EL Config]: connection: 2025-12-10 19:08:46.557--ServerSession(20094719)--Connection(908084672)--Thread(Thread[#1,main,5,main])--Connected: jdbc:derby://localhost:1527/exemplo_01;create=true
	User: app
	Database: Apache Derby  Version: 10.16.1.1 - (1901046)
	Driver: Apache Derby Network Client JDBC Driver  Version: 10.16.1.1 - (1901046)
[EL Warning]: metadata: 2025-12-10 19:08:46.571--ServerSession(20094719)--Thread(Thread[#1,main,5,main])--Reverting the lazy setting on the OneToOne or ManyToOne attribute [prestador] for the entity class [class com.mycompany.mavenproject1.exemplo.jpa.Servico] since weaving was not enabled or did not occur.
[EL Fine]: connection: 2025-12-10 19:08:46.585--ServerSession(20094719)--Thread(Thread[#1,main,5,main])--/file:/C:/Users/l.ribeiro.da.costa/Documents/Estudos/Faculdade/DSC/target/classes/_exemplo_01 login successful
[EL Fine]: sql: 2025-12-10 19:08:46.602--ServerSession(20094719)--Connection(908084672)--Thread(Thread[#1,main,5,main])--ALTER TABLE CONTRATO DROP CONSTRAINT CONTRATOID_SERVICO
[EL Fine]: sql: 2025-12-10 19:08:46.62--ServerSession(20094719)--Connection(908084672)--Thread(Thread[#1,main,5,main])--ALTER TABLE PRESTADOR DROP CONSTRAINT PRSTADORDPRESTADOR
[EL Fine]: sql: 2025-12-10 19:08:46.62--ServerSession(20094719)--Connection(908084672)--Thread(Thread[#1,main,5,main])--ALTER TABLE SERVICO DROP CONSTRAINT SERVICOIDPRESTADOR
[EL Fine]: sql: 2025-12-10 19:08:46.625--ServerSession(20094719)--Connection(908084672)--Thread(Thread[#1,main,5,main])--ALTER TABLE CLIENTE DROP CONSTRAINT CLIENTE_ID_CLIENTE
[EL Fine]: sql: 2025-12-10 19:08:46.631--ServerSession(20094719)--Connection(908084672)--Thread(Thread[#1,main,5,main])--ALTER TABLE SERVICOS_CATEGORIAS DROP CONSTRAINT SRVCSCTGORIASDSRVC
[EL Fine]: sql: 2025-12-10 19:08:46.637--ServerSession(20094719)--Connection(908084672)--Thread(Thread[#1,main,5,main])--ALTER TABLE SERVICOS_CATEGORIAS DROP CONSTRAINT SRVCSCTGORIASDCTGR
[EL Fine]: sql: 2025-12-10 19:08:46.643--ServerSession(20094719)--Connection(908084672)--Thread(Thread[#1,main,5,main])--DROP TABLE CATEGORIA
[EL Fine]: sql: 2025-12-10 19:08:46.656--ServerSession(20094719)--Connection(908084672)--Thread(Thread[#1,main,5,main])--DROP TABLE CONTRATO
[EL Fine]: sql: 2025-12-10 19:08:46.666--ServerSession(20094719)--Connection(908084672)--Thread(Thread[#1,main,5,main])--DROP TABLE USUARIO
[EL Fine]: sql: 2025-12-10 19:08:46.681--ServerSession(20094719)--Connection(908084672)--Thread(Thread[#1,main,5,main])--DROP TABLE PRESTADOR
[EL Fine]: sql: 2025-12-10 19:08:46.696--ServerSession(20094719)--Connection(908084672)--Thread(Thread[#1,main,5,main])--DROP TABLE SERVICO
[EL Fine]: sql: 2025-12-10 19:08:46.704--ServerSession(20094719)--Connection(908084672)--Thread(Thread[#1,main,5,main])--DROP TABLE CLIENTE
[EL Fine]: sql: 2025-12-10 19:08:46.716--ServerSession(20094719)--Connection(908084672)--Thread(Thread[#1,main,5,main])--DROP TABLE SERVICOS_CATEGORIAS
[EL Fine]: sql: 2025-12-10 19:08:46.737--ServerSession(20094719)--Connection(908084672)--Thread(Thread[#1,main,5,main])--CREATE TABLE CATEGORIA (ID BIGINT GENERATED BY DEFAULT AS IDENTITY NOT NULL, DT_CRIACAO TIMESTAMP, NOME VARCHAR(80) NOT NULL UNIQUE, PRIMARY KEY (ID))
[EL Fine]: sql: 2025-12-10 19:08:46.755--ServerSession(20094719)--Connection(908084672)--Thread(Thread[#1,main,5,main])--CREATE TABLE CONTRATO (ID BIGINT GENERATED BY DEFAULT AS IDENTITY NOT NULL, DT_CRIACAO TIMESTAMP, DT_FIM TIMESTAMP NOT NULL, DT_INICIO TIMESTAMP NOT NULL, VALOR_FINAL DECIMAL(10,2), ID_SERVICO BIGINT, PRIMARY KEY (ID))
[EL Fine]: sql: 2025-12-10 19:08:46.776--ServerSession(20094719)--Connection(908084672)--Thread(Thread[#1,main,5,main])--CREATE TABLE USUARIO (ID BIGINT GENERATED BY DEFAULT AS IDENTITY NOT NULL, DISC_USUARIO VARCHAR(1), DT_CRIACAO TIMESTAMP, DT_NASCIMENTO TIMESTAMP NOT NULL, EMAIL VARCHAR(100) NOT NULL UNIQUE, NOME VARCHAR(100) NOT NULL, SENHA VARCHAR(255) NOT NULL, TELEFONE VARCHAR(20) NOT NULL, USERNAME VARCHAR(30) NOT NULL UNIQUE, PRIMARY KEY (ID))
[EL Fine]: sql: 2025-12-10 19:08:46.803--ServerSession(20094719)--Connection(908084672)--Thread(Thread[#1,main,5,main])--CREATE TABLE PRESTADOR (ID_PRESTADOR BIGINT NOT NULL, AVALIACAO FLOAT, CPF_CNPJ VARCHAR(14) NOT NULL UNIQUE, RESUMO VARCHAR(255), PRIMARY KEY (ID_PRESTADOR))
[EL Fine]: sql: 2025-12-10 19:08:46.823--ServerSession(20094719)--Connection(908084672)--Thread(Thread[#1,main,5,main])--CREATE TABLE SERVICO (ID BIGINT GENERATED BY DEFAULT AS IDENTITY NOT NULL, DT_CRIACAO TIMESTAMP, DESCRICAO VARCHAR(255), DISPONIVEL SMALLINT DEFAULT 0 NOT NULL, PRECO_BASE DECIMAL(10,2), TITULO VARCHAR(100) NOT NULL, ID_PRESTADOR BIGINT, PRIMARY KEY (ID))
[EL Fine]: sql: 2025-12-10 19:08:46.837--ServerSession(20094719)--Connection(908084672)--Thread(Thread[#1,main,5,main])--CREATE TABLE CLIENTE (ID_CLIENTE BIGINT NOT NULL, CPF VARCHAR(11) NOT NULL UNIQUE, PRIMARY KEY (ID_CLIENTE))
[EL Fine]: sql: 2025-12-10 19:08:46.854--ServerSession(20094719)--Connection(908084672)--Thread(Thread[#1,main,5,main])--CREATE TABLE SERVICOS_CATEGORIAS (ID_SERVICO BIGINT NOT NULL, ID_CATEGORIA BIGINT NOT NULL, PRIMARY KEY (ID_SERVICO, ID_CATEGORIA))
[EL Fine]: sql: 2025-12-10 19:08:46.863--ServerSession(20094719)--Connection(908084672)--Thread(Thread[#1,main,5,main])--ALTER TABLE CONTRATO ADD CONSTRAINT CONTRATOID_SERVICO FOREIGN KEY (ID_SERVICO) REFERENCES SERVICO (ID)
[EL Fine]: sql: 2025-12-10 19:08:46.87--ServerSession(20094719)--Connection(908084672)--Thread(Thread[#1,main,5,main])--ALTER TABLE PRESTADOR ADD CONSTRAINT PRSTADORDPRESTADOR FOREIGN KEY (ID_PRESTADOR) REFERENCES USUARIO (ID)
[EL Fine]: sql: 2025-12-10 19:08:46.872--ServerSession(20094719)--Connection(908084672)--Thread(Thread[#1,main,5,main])--ALTER TABLE SERVICO ADD CONSTRAINT SERVICOIDPRESTADOR FOREIGN KEY (ID_PRESTADOR) REFERENCES USUARIO (ID)
[EL Fine]: sql: 2025-12-10 19:08:46.88--ServerSession(20094719)--Connection(908084672)--Thread(Thread[#1,main,5,main])--ALTER TABLE CLIENTE ADD CONSTRAINT CLIENTE_ID_CLIENTE FOREIGN KEY (ID_CLIENTE) REFERENCES USUARIO (ID)
[EL Fine]: sql: 2025-12-10 19:08:46.883--ServerSession(20094719)--Connection(908084672)--Thread(Thread[#1,main,5,main])--ALTER TABLE SERVICOS_CATEGORIAS ADD CONSTRAINT SRVCSCTGORIASDSRVC FOREIGN KEY (ID_SERVICO) REFERENCES SERVICO (ID)
[EL Fine]: sql: 2025-12-10 19:08:46.89--ServerSession(20094719)--Connection(908084672)--Thread(Thread[#1,main,5,main])--ALTER TABLE SERVICOS_CATEGORIAS ADD CONSTRAINT SRVCSCTGORIASDCTGR FOREIGN KEY (ID_CATEGORIA) REFERENCES CATEGORIA (ID)
[EL Fine]: sql: 2025-12-10 19:08:47.081--ServerSession(20094719)--Connection(908084672)--Thread(Thread[#1,main,5,main])--SELECT ID, DT_CRIACAO, NOME FROM CATEGORIA WHERE (ID = ?)
	bind => [1]
[EL Fine]: sql: 2025-12-10 19:08:47.097--ClientSession(1850874910)--Connection(908084672)--Thread(Thread[#1,main,5,main])--DELETE FROM CATEGORIA WHERE (ID = ?)
	bind => [1]
[EL Fine]: sql: 2025-12-10 19:08:47.113--ClientSession(1850874910)--Connection(908084672)--Thread(Thread[#1,main,5,main])--SELECT ID, DT_CRIACAO, NOME FROM CATEGORIA WHERE (ID = ?)
	bind => [1]
]]></system-out>
    <system-err><![CDATA[SLF4J: Failed to load class "org.slf4j.impl.StaticLoggerBinder".
SLF4J: Defaulting to no-operation (NOP) logger implementation
SLF4J: See http://www.slf4j.org/codes.html#StaticLoggerBinder for further details.
]]></system-err>
  </testcase>
  <testcase name="testUpdateCategoriaSemMerge" classname="com.mycompany.mavenproject1.exemplo.jpa.CategoriaTest" time="0.01">
    <system-out><![CDATA[[EL Fine]: sql: 2025-12-10 19:08:47.113--ServerSession(20094719)--Connection(908084672)--Thread(Thread[#1,main,5,main])--SELECT ID, DT_CRIACAO, NOME FROM CATEGORIA WHERE (ID = ?)
	bind => [2]
[EL Fine]: sql: 2025-12-10 19:08:47.121--ClientSession(1250582716)--Connection(908084672)--Thread(Thread[#1,main,5,main])--UPDATE CATEGORIA SET NOME = ? WHERE (ID = ?)
	bind => [Serviços de Pedreiro, 2]
[EL Fine]: sql: 2025-12-10 19:08:47.121--ClientSession(1250582716)--Connection(908084672)--Thread(Thread[#1,main,5,main])--SELECT ID, DT_CRIACAO, NOME FROM CATEGORIA WHERE (ID = ?)
	bind => [2]
]]></system-out>
  </testcase>
  <testcase name="testFindCategoriaById" classname="com.mycompany.mavenproject1.exemplo.jpa.CategoriaTest" time="0.003">
    <system-out><![CDATA[[EL Fine]: sql: 2025-12-10 19:08:47.131--ServerSession(20094719)--Connection(908084672)--Thread(Thread[#1,main,5,main])--SELECT ID, DT_CRIACAO, NOME FROM CATEGORIA WHERE (ID = ?)
	bind => [4]
]]></system-out>
  </testcase>
  <testcase name="testPersistCategoria" classname="com.mycompany.mavenproject1.exemplo.jpa.CategoriaTest" time="0.006">
    <system-out><![CDATA[[EL Fine]: sql: 2025-12-10 19:08:47.134--ClientSession(1233505227)--Connection(908084672)--Thread(Thread[#1,main,5,main])--INSERT INTO CATEGORIA (DT_CRIACAO, NOME) VALUES (?, ?)
	bind => [2025-12-10 19:08:47.133, Eletricista]
]]></system-out>
  </testcase>
  <testcase name="testUpdateCategoriaComMerge" classname="com.mycompany.mavenproject1.exemplo.jpa.CategoriaTest" time="0.012">
    <system-out><![CDATA[[EL Fine]: sql: 2025-12-10 19:08:47.14--ServerSession(20094719)--Connection(908084672)--Thread(Thread[#1,main,5,main])--SELECT ID, DT_CRIACAO, NOME FROM CATEGORIA WHERE (ID = ?)
	bind => [3]
[EL Fine]: sql: 2025-12-10 19:08:47.144--ServerSession(20094719)--Connection(908084672)--Thread(Thread[#1,main,5,main])--SELECT ID, DT_CRIACAO, NOME FROM CATEGORIA WHERE (ID = ?)
	bind => [3]
[EL Fine]: sql: 2025-12-10 19:08:47.148--ClientSession(1572127577)--Connection(908084672)--Thread(Thread[#1,main,5,main])--UPDATE CATEGORIA SET NOME = ? WHERE (ID = ?)
	bind => [Serviços de Jardinagem, 3]
[EL Fine]: sql: 2025-12-10 19:08:47.149--ClientSession(1572127577)--Connection(908084672)--Thread(Thread[#1,main,5,main])--SELECT ID, DT_CRIACAO, NOME FROM CATEGORIA WHERE (ID = ?)
	bind => [3]
]]></system-out>
  </testcase>
</testsuite>