<?xml version="1.0" encoding="UTF-8"?>
<testsuite xmlns:xsi="http://www.w3.org/2001/XMLSchema-instance" xsi:noNamespaceSchemaLocation="https://maven.apache.org/surefire/maven-surefire-plugin/xsd/surefire-test-report-3.0.xsd" version="3.0" name="com.mycompany.mavenproject1.exemplo.jpa.ServicoTest" time="1.935" tests="1" errors="1" skipped="0" failures="0">
  <properties>
[...]
</properties>
  <testcase name="testFindServicoById" classname="com.mycompany.mavenproject1.exemplo.jpa.ServicoTest" time="0.152">
    <error message="Exception [EclipseLink-4002] (Eclipse Persistence Services - 4.0.4.v202407190748-059428cdd2583c46f1f3e50d235854840a6fa9a7): org.eclipse.persistence.exceptions.DatabaseException&#10;Internal Exception: java.sql.SQLSyntaxErrorException: Table/View &apos;SERVICO&apos; does not exist.&#10;Error Code: 20000&#10;Call: INSERT INTO SERVICO (DT_CRIACAO, DESCRICAO, DISPONIVEL, PRECO_BASE, TITULO, ID_PRESTADOR) VALUES (?, ?, ?, ?, ?, ?)&#10;	bind =&gt; [2025-11-16 10:56:40.168, Limpeza completa com produtos, true, 200.00, Limpeza de Piscina, 1]&#10;Query: InsertObjectQuery(com.mycompany.mavenproject1.exemplo.jpa.Servico@62fad19)" type="jakarta.persistence.RollbackException"><![CDATA[jakarta.persistence.RollbackException: 
Exception [EclipseLink-4002] (Eclipse Persistence Services - 4.0.4.v202407190748-059428cdd2583c46f1f3e50d235854840a6fa9a7): org.eclipse.persistence.exceptions.DatabaseException
Internal Exception: java.sql.SQLSyntaxErrorException: Table/View 'SERVICO' does not exist.
Error Code: 20000
Call: INSERT INTO SERVICO (DT_CRIACAO, DESCRICAO, DISPONIVEL, PRECO_BASE, TITULO, ID_PRESTADOR) VALUES (?, ?, ?, ?, ?, ?)
	bind => [2025-11-16 10:56:40.168, Limpeza completa com produtos, true, 200.00, Limpeza de Piscina, 1]
Query: InsertObjectQuery(com.mycompany.mavenproject1.exemplo.jpa.Servico@62fad19)
	at org.eclipse.persistence.internal.jpa.transaction.EntityTransactionImpl.commit(EntityTransactionImpl.java:162)
	at com.mycompany.mavenproject1.exemplo.jpa.ServicoTest.testFindServicoById(ServicoTest.java:80)
	at java.base/jdk.internal.reflect.DirectMethodHandleAccessor.invoke(DirectMethodHandleAccessor.java:103)
	at java.base/java.lang.reflect.Method.invoke(Method.java:580)
	at org.junit.runners.model.FrameworkMethod$1.runReflectiveCall(FrameworkMethod.java:59)
	at org.junit.internal.runners.model.ReflectiveCallable.run(ReflectiveCallable.java:12)
	at org.junit.runners.model.FrameworkMethod.invokeExplosively(FrameworkMethod.java:56)
	at org.junit.internal.runners.statements.InvokeMethod.evaluate(InvokeMethod.java:17)
	at org.junit.internal.runners.statements.RunBefores.evaluate(RunBefores.java:26)
	at org.junit.internal.runners.statements.RunAfters.evaluate(RunAfters.java:27)
	at org.junit.runners.ParentRunner$3.evaluate(ParentRunner.java:306)
	at org.junit.runners.BlockJUnit4ClassRunner$1.evaluate(BlockJUnit4ClassRunner.java:100)
	at org.junit.runners.ParentRunner.runLeaf(ParentRunner.java:366)
	at org.junit.runners.BlockJUnit4ClassRunner.runChild(BlockJUnit4ClassRunner.java:103)
	at org.junit.runners.BlockJUnit4ClassRunner.runChild(BlockJUnit4ClassRunner.java:63)
	at org.junit.runners.ParentRunner$4.run(ParentRunner.java:331)
	at org.junit.runners.ParentRunner$1.schedule(ParentRunner.java:79)
	at org.junit.runners.ParentRunner.runChildren(ParentRunner.java:329)
	at org.junit.runners.ParentRunner.access$100(ParentRunner.java:66)
	at org.junit.runners.ParentRunner$2.evaluate(ParentRunner.java:293)
	at org.junit.internal.runners.statements.RunBefores.evaluate(RunBefores.java:26)
	at org.junit.internal.runners.statements.RunAfters.evaluate(RunAfters.java:27)
	at org.junit.runners.ParentRunner$3.evaluate(ParentRunner.java:306)
	at org.junit.runners.ParentRunner.run(ParentRunner.java:413)
	at org.apache.maven.surefire.junit4.JUnit4Provider.execute(JUnit4Provider.java:316)
	at org.apache.maven.surefire.junit4.JUnit4Provider.executeWithRerun(JUnit4Provider.java:240)
	at org.apache.maven.surefire.junit4.JUnit4Provider.executeTestSet(JUnit4Provider.java:214)
	at org.apache.maven.surefire.junit4.JUnit4Provider.invoke(JUnit4Provider.java:155)
	at org.apache.maven.surefire.booter.ForkedBooter.runSuitesInProcess(ForkedBooter.java:385)
	at org.apache.maven.surefire.booter.ForkedBooter.execute(ForkedBooter.java:162)
	at org.apache.maven.surefire.booter.ForkedBooter.run(ForkedBooter.java:507)
	at org.apache.maven.surefire.booter.ForkedBooter.main(ForkedBooter.java:495)
Caused by: Exception [EclipseLink-4002] (Eclipse Persistence Services - 4.0.4.v202407190748-059428cdd2583c46f1f3e50d235854840a6fa9a7): org.eclipse.persistence.exceptions.DatabaseException
Internal Exception: java.sql.SQLSyntaxErrorException: Table/View 'SERVICO' does not exist.
Error Code: 20000
Call: INSERT INTO SERVICO (DT_CRIACAO, DESCRICAO, DISPONIVEL, PRECO_BASE, TITULO, ID_PRESTADOR) VALUES (?, ?, ?, ?, ?, ?)
	bind => [2025-11-16 10:56:40.168, Limpeza completa com produtos, true, 200.00, Limpeza de Piscina, 1]
Query: InsertObjectQuery(com.mycompany.mavenproject1.exemplo.jpa.Servico@62fad19)
	at org.eclipse.persistence.exceptions.DatabaseException.sqlException(DatabaseException.java:343)
	at org.eclipse.persistence.internal.databaseaccess.DatabaseAccessor.basicExecuteCall(DatabaseAccessor.java:702)
	at org.eclipse.persistence.internal.databaseaccess.DatabaseAccessor.executeCall(DatabaseAccessor.java:569)
	at org.eclipse.persistence.internal.sessions.AbstractSession.basicExecuteCall(AbstractSession.java:2048)
	at org.eclipse.persistence.sessions.server.ClientSession.executeCall(ClientSession.java:311)
	at org.eclipse.persistence.internal.queries.DatasourceCallQueryMechanism.executeCall(DatasourceCallQueryMechanism.java:280)
	at org.eclipse.persistence.internal.queries.DatasourceCallQueryMechanism.executeCall(DatasourceCallQueryMechanism.java:266)
	at org.eclipse.persistence.internal.queries.DatasourceCallQueryMechanism.insertObject(DatasourceCallQueryMechanism.java:436)
	at org.eclipse.persistence.internal.queries.StatementQueryMechanism.insertObject(StatementQueryMechanism.java:193)
	at org.eclipse.persistence.internal.queries.StatementQueryMechanism.insertObject(StatementQueryMechanism.java:209)
	at org.eclipse.persistence.internal.queries.DatabaseQueryMechanism.insertObjectForWrite(DatabaseQueryMechanism.java:514)
	at org.eclipse.persistence.queries.InsertObjectQuery.executeCommit(InsertObjectQuery.java:86)
	at org.eclipse.persistence.queries.InsertObjectQuery.executeCommitWithChangeSet(InsertObjectQuery.java:97)
	at org.eclipse.persistence.internal.queries.DatabaseQueryMechanism.executeWriteWithChangeSet(DatabaseQueryMechanism.java:326)
	at org.eclipse.persistence.queries.WriteObjectQuery.executeDatabaseQuery(WriteObjectQuery.java:61)
	at org.eclipse.persistence.queries.DatabaseQuery.execute(DatabaseQuery.java:913)
	at org.eclipse.persistence.queries.DatabaseQuery.executeInUnitOfWork(DatabaseQuery.java:812)
	at org.eclipse.persistence.queries.ObjectLevelModifyQuery.executeInUnitOfWorkObjectLevelModifyQuery(ObjectLevelModifyQuery.java:109)
	at org.eclipse.persistence.queries.ObjectLevelModifyQuery.executeInUnitOfWork(ObjectLevelModifyQuery.java:86)
	at org.eclipse.persistence.internal.sessions.UnitOfWorkImpl.internalExecuteQuery(UnitOfWorkImpl.java:3028)
	at org.eclipse.persistence.internal.sessions.AbstractSession.executeQuery(AbstractSession.java:1841)
	at org.eclipse.persistence.internal.sessions.AbstractSession.executeQuery(AbstractSession.java:1823)
	at org.eclipse.persistence.internal.sessions.AbstractSession.executeQuery(AbstractSession.java:1773)
	at org.eclipse.persistence.internal.sessions.CommitManager.commitNewObjectsForClassWithChangeSet(CommitManager.java:248)
	at org.eclipse.persistence.internal.sessions.CommitManager.commitAllObjectsForClassWithChangeSet(CommitManager.java:215)
	at org.eclipse.persistence.internal.sessions.CommitManager.commitAllObjectsWithChangeSet(CommitManager.java:160)
	at org.eclipse.persistence.internal.sessions.AbstractSession.writeAllObjectsWithChangeSet(AbstractSession.java:4335)
	at org.eclipse.persistence.internal.sessions.UnitOfWorkImpl.commitToDatabase(UnitOfWorkImpl.java:1518)
	at org.eclipse.persistence.internal.sessions.UnitOfWorkImpl.commitToDatabaseWithChangeSet(UnitOfWorkImpl.java:1608)
	at org.eclipse.persistence.internal.sessions.RepeatableWriteUnitOfWork.commitRootUnitOfWork(RepeatableWriteUnitOfWork.java:287)
	at org.eclipse.persistence.internal.sessions.UnitOfWorkImpl.commitAndResume(UnitOfWorkImpl.java:1245)
	at org.eclipse.persistence.internal.jpa.transaction.EntityTransactionImpl.commit(EntityTransactionImpl.java:137)
	... 31 more
Caused by: java.sql.SQLSyntaxErrorException: Table/View 'SERVICO' does not exist.
	at org.apache.derby.client.am.SQLExceptionFactory.getSQLException(SQLExceptionFactory.java:94)
	at org.apache.derby.client.am.SqlException.getSQLException(SqlException.java:325)
	at org.apache.derby.client.am.ClientConnection.prepareStatement(ClientConnection.java:2045)
	at org.eclipse.persistence.internal.databaseaccess.DatabaseAccessor.prepareStatement(DatabaseAccessor.java:1748)
	at org.eclipse.persistence.internal.databaseaccess.DatabaseAccessor.prepareStatement(DatabaseAccessor.java:1697)
	at org.eclipse.persistence.internal.databaseaccess.DatabaseCall.prepareStatement(DatabaseCall.java:770)
	at org.eclipse.persistence.internal.databaseaccess.DatabaseAccessor.basicExecuteCall(DatabaseAccessor.java:630)
	... 61 more
Caused by: ERROR 42X05: Table/View 'SERVICO' does not exist.
	at org.apache.derby.client.am.ClientStatement.completeSqlca(ClientStatement.java:2116)
	at org.apache.derby.client.net.NetStatementReply.parsePrepareError(NetStatementReply.java:579)
	at org.apache.derby.client.net.NetStatementReply.parsePRPSQLSTTreply(NetStatementReply.java:145)
	at org.apache.derby.client.net.NetStatementReply.readPrepareDescribeOutput(NetStatementReply.java:54)
	at org.apache.derby.client.net.StatementReply.readPrepareDescribeOutput(StatementReply.java:41)
	at org.apache.derby.client.net.NetStatement.readPrepareDescribeOutput_(NetStatement.java:156)
	at org.apache.derby.client.am.ClientStatement.readPrepareDescribeOutput(ClientStatement.java:1702)
	at org.apache.derby.client.am.ClientPreparedStatement.readPrepareDescribeInputOutput(ClientPreparedStatement.java:1914)
	at org.apache.derby.client.am.ClientPreparedStatement.flowPrepareDescribeInputOutput(ClientPreparedStatement.java:1977)
	at org.apache.derby.client.am.ClientPreparedStatement.prepare(ClientPreparedStatement.java:315)
	at org.apache.derby.client.am.ClientConnection.prepareStatementX(ClientConnection.java:1956)
	at org.apache.derby.client.am.ClientConnection.prepareStatement(ClientConnection.java:2032)
	... 65 more
]]></error>
    <system-out><![CDATA[[EL Fine]: server: 2025-11-16 10:56:38.602--Thread(Thread[#1,main,5,main])--Configured server platform: org.eclipse.persistence.platform.server.NoServerPlatform
[EL Config]: metadata: 2025-11-16 10:56:38.749--ServerSession(1760126453)--Thread(Thread[#1,main,5,main])--The access type for the persistent class [class com.mycompany.mavenproject1.exemplo.jpa.Categoria] is set to [FIELD].
[EL Config]: metadata: 2025-11-16 10:56:38.77--ServerSession(1760126453)--Thread(Thread[#1,main,5,main])--The access type for the persistent class [class com.mycompany.mavenproject1.exemplo.jpa.Contrato] is set to [FIELD].
[EL Config]: metadata: 2025-11-16 10:56:38.775--ServerSession(1760126453)--Thread(Thread[#1,main,5,main])--The target entity (reference) class for the many to one mapping element [field servico] is being defaulted to: class com.mycompany.mavenproject1.exemplo.jpa.Servico.
[EL Config]: metadata: 2025-11-16 10:56:38.776--ServerSession(1760126453)--Thread(Thread[#1,main,5,main])--The access type for the persistent class [class com.mycompany.mavenproject1.exemplo.jpa.Usuario] is set to [FIELD].
[EL Config]: metadata: 2025-11-16 10:56:38.776--ServerSession(1760126453)--Thread(Thread[#1,main,5,main])--The access type for the persistent class [class com.mycompany.mavenproject1.exemplo.jpa.Prestador] is set to [FIELD].
[EL Config]: metadata: 2025-11-16 10:56:38.779--ServerSession(1760126453)--Thread(Thread[#1,main,5,main])--The target entity (reference) class for the one to many mapping element [field servicos] is being defaulted to: class com.mycompany.mavenproject1.exemplo.jpa.Servico.
[EL Config]: metadata: 2025-11-16 10:56:38.78--ServerSession(1760126453)--Thread(Thread[#1,main,5,main])--The access type for the persistent class [class com.mycompany.mavenproject1.exemplo.jpa.Servico] is set to [FIELD].
[EL Config]: metadata: 2025-11-16 10:56:38.781--ServerSession(1760126453)--Thread(Thread[#1,main,5,main])--The target entity (reference) class for the many to one mapping element [field prestador] is being defaulted to: class com.mycompany.mavenproject1.exemplo.jpa.Prestador.
[EL Config]: metadata: 2025-11-16 10:56:38.782--ServerSession(1760126453)--Thread(Thread[#1,main,5,main])--The target entity (reference) class for the many to many mapping element [field categorias] is being defaulted to: class com.mycompany.mavenproject1.exemplo.jpa.Categoria.
[EL Config]: metadata: 2025-11-16 10:56:38.783--ServerSession(1760126453)--Thread(Thread[#1,main,5,main])--The target entity (reference) class for the one to many mapping element [field contratos] is being defaulted to: class com.mycompany.mavenproject1.exemplo.jpa.Contrato.
[EL Config]: metadata: 2025-11-16 10:56:38.783--ServerSession(1760126453)--Thread(Thread[#1,main,5,main])--The access type for the persistent class [class com.mycompany.mavenproject1.exemplo.jpa.Cliente] is set to [FIELD].
[EL Config]: metadata: 2025-11-16 10:56:38.783--ServerSession(1760126453)--Thread(Thread[#1,main,5,main])--The alias name for the entity class [class com.mycompany.mavenproject1.exemplo.jpa.Categoria] is being defaulted to: Categoria.
[EL Config]: metadata: 2025-11-16 10:56:38.792--ServerSession(1760126453)--Thread(Thread[#1,main,5,main])--The column name for element [id] is being defaulted to: ID.
[EL Config]: metadata: 2025-11-16 10:56:38.794--ServerSession(1760126453)--Thread(Thread[#1,main,5,main])--The alias name for the entity class [class com.mycompany.mavenproject1.exemplo.jpa.Contrato] is being defaulted to: Contrato.
[EL Config]: metadata: 2025-11-16 10:56:38.794--ServerSession(1760126453)--Thread(Thread[#1,main,5,main])--The column name for element [id] is being defaulted to: ID.
[EL Config]: metadata: 2025-11-16 10:56:38.794--ServerSession(1760126453)--Thread(Thread[#1,main,5,main])--The alias name for the entity class [class com.mycompany.mavenproject1.exemplo.jpa.Prestador] is being defaulted to: Prestador.
[EL Config]: metadata: 2025-11-16 10:56:38.794--ServerSession(1760126453)--Thread(Thread[#1,main,5,main])--The alias name for the entity class [class com.mycompany.mavenproject1.exemplo.jpa.Usuario] is being defaulted to: Usuario.
[EL Config]: metadata: 2025-11-16 10:56:38.797--ServerSession(1760126453)--Thread(Thread[#1,main,5,main])--The column name for element [id] is being defaulted to: ID.
[EL Config]: metadata: 2025-11-16 10:56:38.797--ServerSession(1760126453)--Thread(Thread[#1,main,5,main])--The alias name for the entity class [class com.mycompany.mavenproject1.exemplo.jpa.Servico] is being defaulted to: Servico.
[EL Config]: metadata: 2025-11-16 10:56:38.798--ServerSession(1760126453)--Thread(Thread[#1,main,5,main])--The column name for element [id] is being defaulted to: ID.
[EL Config]: metadata: 2025-11-16 10:56:38.798--ServerSession(1760126453)--Thread(Thread[#1,main,5,main])--The alias name for the entity class [class com.mycompany.mavenproject1.exemplo.jpa.Cliente] is being defaulted to: Cliente.
[EL Config]: metadata: 2025-11-16 10:56:38.81--ServerSession(1760126453)--Thread(Thread[#1,main,5,main])--The source primary key column name for the many to many mapping [field categorias] is being defaulted to: ID.
[EL Config]: metadata: 2025-11-16 10:56:38.81--ServerSession(1760126453)--Thread(Thread[#1,main,5,main])--The target primary key column name for the many to many mapping [field categorias] is being defaulted to: ID.
[EL Config]: weaver: 2025-11-16 10:56:38.814--ServerSession(1760126453)--Thread(Thread[#1,main,5,main])--Class com.mycompany.mavenproject1.exemplo.jpa.Prestador could not be weaved for change tracking as it is not supported by its mappings.
[EL Info]: 2025-11-16 10:56:38.92--ServerSession(1760126453)--Thread(Thread[#1,main,5,main])--EclipseLink, version: Eclipse Persistence Services - 4.0.4.v202407190748-059428cdd2583c46f1f3e50d235854840a6fa9a7
[EL Fine]: connection: 2025-11-16 10:56:38.923--ServerSession(1760126453)--Connection(1204296383)--Thread(Thread[#1,main,5,main])--connecting(DatabaseLogin(
	platform=>DerbyPlatform
	user name=> "app"
	datasource URL=> "jdbc:derby://localhost:1527/exemplo_08;create=true"
))
[EL Config]: connection: 2025-11-16 10:56:39.204--ServerSession(1760126453)--Connection(1799230133)--Thread(Thread[#1,main,5,main])--Connected: jdbc:derby://localhost:1527/exemplo_08;create=true
	User: app
	Database: Apache Derby  Version: 10.16.1.1 - (1901046)
	Driver: Apache Derby Network Client JDBC Driver  Version: 10.16.1.1 - (1901046)
[EL Warning]: metadata: 2025-11-16 10:56:39.222--ServerSession(1760126453)--Thread(Thread[#1,main,5,main])--Reverting the lazy setting on the OneToOne or ManyToOne attribute [prestador] for the entity class [class com.mycompany.mavenproject1.exemplo.jpa.Servico] since weaving was not enabled or did not occur.
[EL Fine]: connection: 2025-11-16 10:56:39.237--ServerSession(1760126453)--Thread(Thread[#1,main,5,main])--/file:/C:/Users/l.ribeiro.da.costa/Downloads/mavenproject1/mavenproject1/target/classes/_exemplo_08 login successful
[EL Fine]: sql: 2025-11-16 10:56:39.255--ServerSession(1760126453)--Connection(1799230133)--Thread(Thread[#1,main,5,main])--ALTER TABLE CONTRATO DROP CONSTRAINT CONTRATOID_SERVICO
[EL Fine]: sql: 2025-11-16 10:56:39.282--ServerSession(1760126453)--Thread(Thread[#1,main,5,main])--VALUES(1)
[EL Warning]: 2025-11-16 10:56:39.292--ServerSession(1760126453)--Thread(Thread[#1,main,5,main])--Exception [EclipseLink-4002] (Eclipse Persistence Services - 4.0.4.v202407190748-059428cdd2583c46f1f3e50d235854840a6fa9a7): org.eclipse.persistence.exceptions.DatabaseException
Internal Exception: java.sql.SQLSyntaxErrorException: 'ALTER TABLE' cannot be performed on 'CONTRATO' because it does not exist.
Error Code: 30000
Call: ALTER TABLE CONTRATO DROP CONSTRAINT CONTRATOID_SERVICO
Query: DataModifyQuery(sql="ALTER TABLE CONTRATO DROP CONSTRAINT CONTRATOID_SERVICO")
[EL Fine]: sql: 2025-11-16 10:56:39.299--ServerSession(1760126453)--Connection(1799230133)--Thread(Thread[#1,main,5,main])--ALTER TABLE PRESTADOR DROP CONSTRAINT PRSTADORDPRESTADOR
[EL Fine]: sql: 2025-11-16 10:56:39.341--ServerSession(1760126453)--Connection(1799230133)--Thread(Thread[#1,main,5,main])--ALTER TABLE SERVICO DROP CONSTRAINT SERVICOIDPRESTADOR
[EL Fine]: sql: 2025-11-16 10:56:39.347--ServerSession(1760126453)--Thread(Thread[#1,main,5,main])--VALUES(1)
[EL Warning]: 2025-11-16 10:56:39.348--ServerSession(1760126453)--Thread(Thread[#1,main,5,main])--Exception [EclipseLink-4002] (Eclipse Persistence Services - 4.0.4.v202407190748-059428cdd2583c46f1f3e50d235854840a6fa9a7): org.eclipse.persistence.exceptions.DatabaseException
Internal Exception: java.sql.SQLSyntaxErrorException: 'ALTER TABLE' cannot be performed on 'SERVICO' because it does not exist.
Error Code: 30000
Call: ALTER TABLE SERVICO DROP CONSTRAINT SERVICOIDPRESTADOR
Query: DataModifyQuery(sql="ALTER TABLE SERVICO DROP CONSTRAINT SERVICOIDPRESTADOR")
[EL Fine]: sql: 2025-11-16 10:56:39.348--ServerSession(1760126453)--Connection(1799230133)--Thread(Thread[#1,main,5,main])--ALTER TABLE CLIENTE DROP CONSTRAINT CLIENTE_ID_CLIENTE
[EL Fine]: sql: 2025-11-16 10:56:39.374--ServerSession(1760126453)--Connection(1799230133)--Thread(Thread[#1,main,5,main])--ALTER TABLE SERVICOS_CATEGORIAS DROP CONSTRAINT SRVCSCTGORIASDSRVC
[EL Fine]: sql: 2025-11-16 10:56:39.385--ServerSession(1760126453)--Thread(Thread[#1,main,5,main])--VALUES(1)
[EL Warning]: 2025-11-16 10:56:39.39--ServerSession(1760126453)--Thread(Thread[#1,main,5,main])--Exception [EclipseLink-4002] (Eclipse Persistence Services - 4.0.4.v202407190748-059428cdd2583c46f1f3e50d235854840a6fa9a7): org.eclipse.persistence.exceptions.DatabaseException
Internal Exception: java.sql.SQLSyntaxErrorException: ALTER TABLE failed. There is no constraint 'APP.SRVCSCTGORIASDSRVC' on table '"APP"."SERVICOS_CATEGORIAS"'. 
Error Code: 30000
Call: ALTER TABLE SERVICOS_CATEGORIAS DROP CONSTRAINT SRVCSCTGORIASDSRVC
Query: DataModifyQuery(sql="ALTER TABLE SERVICOS_CATEGORIAS DROP CONSTRAINT SRVCSCTGORIASDSRVC")
[EL Fine]: sql: 2025-11-16 10:56:39.391--ServerSession(1760126453)--Connection(1799230133)--Thread(Thread[#1,main,5,main])--ALTER TABLE SERVICOS_CATEGORIAS DROP CONSTRAINT SRVCSCTGORIASDCTGR
[EL Fine]: sql: 2025-11-16 10:56:39.399--ServerSession(1760126453)--Thread(Thread[#1,main,5,main])--VALUES(1)
[EL Warning]: 2025-11-16 10:56:39.403--ServerSession(1760126453)--Thread(Thread[#1,main,5,main])--Exception [EclipseLink-4002] (Eclipse Persistence Services - 4.0.4.v202407190748-059428cdd2583c46f1f3e50d235854840a6fa9a7): org.eclipse.persistence.exceptions.DatabaseException
Internal Exception: java.sql.SQLSyntaxErrorException: ALTER TABLE failed. There is no constraint 'APP.SRVCSCTGORIASDCTGR' on table '"APP"."SERVICOS_CATEGORIAS"'. 
Error Code: 30000
Call: ALTER TABLE SERVICOS_CATEGORIAS DROP CONSTRAINT SRVCSCTGORIASDCTGR
Query: DataModifyQuery(sql="ALTER TABLE SERVICOS_CATEGORIAS DROP CONSTRAINT SRVCSCTGORIASDCTGR")
[EL Fine]: sql: 2025-11-16 10:56:39.404--ServerSession(1760126453)--Connection(1799230133)--Thread(Thread[#1,main,5,main])--DROP TABLE CATEGORIA
[EL Fine]: sql: 2025-11-16 10:56:39.455--ServerSession(1760126453)--Connection(1799230133)--Thread(Thread[#1,main,5,main])--DROP TABLE CONTRATO
[EL Fine]: sql: 2025-11-16 10:56:39.457--ServerSession(1760126453)--Thread(Thread[#1,main,5,main])--VALUES(1)
[EL Warning]: 2025-11-16 10:56:39.458--ServerSession(1760126453)--Thread(Thread[#1,main,5,main])--Exception [EclipseLink-4002] (Eclipse Persistence Services - 4.0.4.v202407190748-059428cdd2583c46f1f3e50d235854840a6fa9a7): org.eclipse.persistence.exceptions.DatabaseException
Internal Exception: java.sql.SQLSyntaxErrorException: 'DROP TABLE' cannot be performed on 'CONTRATO' because it does not exist.
Error Code: 30000
Call: DROP TABLE CONTRATO
Query: DataModifyQuery(sql="DROP TABLE CONTRATO")
[EL Fine]: sql: 2025-11-16 10:56:39.459--ServerSession(1760126453)--Connection(1799230133)--Thread(Thread[#1,main,5,main])--DROP TABLE USUARIO
[EL Fine]: sql: 2025-11-16 10:56:39.5--ServerSession(1760126453)--Connection(1799230133)--Thread(Thread[#1,main,5,main])--DROP TABLE PRESTADOR
[EL Fine]: sql: 2025-11-16 10:56:39.559--ServerSession(1760126453)--Connection(1799230133)--Thread(Thread[#1,main,5,main])--DROP TABLE SERVICO
[EL Fine]: sql: 2025-11-16 10:56:39.57--ServerSession(1760126453)--Thread(Thread[#1,main,5,main])--VALUES(1)
[EL Warning]: 2025-11-16 10:56:39.574--ServerSession(1760126453)--Thread(Thread[#1,main,5,main])--Exception [EclipseLink-4002] (Eclipse Persistence Services - 4.0.4.v202407190748-059428cdd2583c46f1f3e50d235854840a6fa9a7): org.eclipse.persistence.exceptions.DatabaseException
Internal Exception: java.sql.SQLSyntaxErrorException: 'DROP TABLE' cannot be performed on 'SERVICO' because it does not exist.
Error Code: 30000
Call: DROP TABLE SERVICO
Query: DataModifyQuery(sql="DROP TABLE SERVICO")
[EL Fine]: sql: 2025-11-16 10:56:39.576--ServerSession(1760126453)--Connection(1799230133)--Thread(Thread[#1,main,5,main])--DROP TABLE CLIENTE
[EL Fine]: sql: 2025-11-16 10:56:39.63--ServerSession(1760126453)--Connection(1799230133)--Thread(Thread[#1,main,5,main])--DROP TABLE SERVICOS_CATEGORIAS
[EL Fine]: sql: 2025-11-16 10:56:39.661--ServerSession(1760126453)--Connection(1799230133)--Thread(Thread[#1,main,5,main])--DROP TABLE CONTRATO
[EL Fine]: sql: 2025-11-16 10:56:39.672--ServerSession(1760126453)--Thread(Thread[#1,main,5,main])--VALUES(1)
[EL Warning]: 2025-11-16 10:56:39.675--ServerSession(1760126453)--Thread(Thread[#1,main,5,main])--Exception [EclipseLink-4002] (Eclipse Persistence Services - 4.0.4.v202407190748-059428cdd2583c46f1f3e50d235854840a6fa9a7): org.eclipse.persistence.exceptions.DatabaseException
Internal Exception: java.sql.SQLSyntaxErrorException: 'DROP TABLE' cannot be performed on 'CONTRATO' because it does not exist.
Error Code: 30000
Call: DROP TABLE CONTRATO
Query: DataModifyQuery(sql="DROP TABLE CONTRATO")
[EL Fine]: sql: 2025-11-16 10:56:39.676--ServerSession(1760126453)--Connection(1799230133)--Thread(Thread[#1,main,5,main])--DROP TABLE SERVICO
[EL Fine]: sql: 2025-11-16 10:56:39.679--ServerSession(1760126453)--Thread(Thread[#1,main,5,main])--VALUES(1)
[EL Warning]: 2025-11-16 10:56:39.68--ServerSession(1760126453)--Thread(Thread[#1,main,5,main])--Exception [EclipseLink-4002] (Eclipse Persistence Services - 4.0.4.v202407190748-059428cdd2583c46f1f3e50d235854840a6fa9a7): org.eclipse.persistence.exceptions.DatabaseException
Internal Exception: java.sql.SQLSyntaxErrorException: 'DROP TABLE' cannot be performed on 'SERVICO' because it does not exist.
Error Code: 30000
Call: DROP TABLE SERVICO
Query: DataModifyQuery(sql="DROP TABLE SERVICO")
[EL Fine]: sql: 2025-11-16 10:56:39.681--ServerSession(1760126453)--Connection(1799230133)--Thread(Thread[#1,main,5,main])--DROP TABLE CONTRATO
[EL Fine]: sql: 2025-11-16 10:56:39.688--ServerSession(1760126453)--Thread(Thread[#1,main,5,main])--VALUES(1)
[EL Warning]: 2025-11-16 10:56:39.689--ServerSession(1760126453)--Thread(Thread[#1,main,5,main])--Exception [EclipseLink-4002] (Eclipse Persistence Services - 4.0.4.v202407190748-059428cdd2583c46f1f3e50d235854840a6fa9a7): org.eclipse.persistence.exceptions.DatabaseException
Internal Exception: java.sql.SQLSyntaxErrorException: 'DROP TABLE' cannot be performed on 'CONTRATO' because it does not exist.
Error Code: 30000
Call: DROP TABLE CONTRATO
Query: DataModifyQuery(sql="DROP TABLE CONTRATO")
[EL Fine]: sql: 2025-11-16 10:56:39.689--ServerSession(1760126453)--Connection(1799230133)--Thread(Thread[#1,main,5,main])--DROP TABLE SERVICO
[EL Fine]: sql: 2025-11-16 10:56:39.691--ServerSession(1760126453)--Thread(Thread[#1,main,5,main])--VALUES(1)
[EL Warning]: 2025-11-16 10:56:39.692--ServerSession(1760126453)--Thread(Thread[#1,main,5,main])--Exception [EclipseLink-4002] (Eclipse Persistence Services - 4.0.4.v202407190748-059428cdd2583c46f1f3e50d235854840a6fa9a7): org.eclipse.persistence.exceptions.DatabaseException
Internal Exception: java.sql.SQLSyntaxErrorException: 'DROP TABLE' cannot be performed on 'SERVICO' because it does not exist.
Error Code: 30000
Call: DROP TABLE SERVICO
Query: DataModifyQuery(sql="DROP TABLE SERVICO")
[EL Fine]: sql: 2025-11-16 10:56:39.693--ServerSession(1760126453)--Connection(1799230133)--Thread(Thread[#1,main,5,main])--DROP TABLE CONTRATO
[EL Fine]: sql: 2025-11-16 10:56:39.697--ServerSession(1760126453)--Thread(Thread[#1,main,5,main])--VALUES(1)
[EL Warning]: 2025-11-16 10:56:39.703--ServerSession(1760126453)--Thread(Thread[#1,main,5,main])--Exception [EclipseLink-4002] (Eclipse Persistence Services - 4.0.4.v202407190748-059428cdd2583c46f1f3e50d235854840a6fa9a7): org.eclipse.persistence.exceptions.DatabaseException
Internal Exception: java.sql.SQLSyntaxErrorException: 'DROP TABLE' cannot be performed on 'CONTRATO' because it does not exist.
Error Code: 30000
Call: DROP TABLE CONTRATO
Query: DataModifyQuery(sql="DROP TABLE CONTRATO")
[EL Fine]: sql: 2025-11-16 10:56:39.705--ServerSession(1760126453)--Connection(1799230133)--Thread(Thread[#1,main,5,main])--DROP TABLE SERVICO
[EL Fine]: sql: 2025-11-16 10:56:39.714--ServerSession(1760126453)--Thread(Thread[#1,main,5,main])--VALUES(1)
[EL Warning]: 2025-11-16 10:56:39.72--ServerSession(1760126453)--Thread(Thread[#1,main,5,main])--Exception [EclipseLink-4002] (Eclipse Persistence Services - 4.0.4.v202407190748-059428cdd2583c46f1f3e50d235854840a6fa9a7): org.eclipse.persistence.exceptions.DatabaseException
Internal Exception: java.sql.SQLSyntaxErrorException: 'DROP TABLE' cannot be performed on 'SERVICO' because it does not exist.
Error Code: 30000
Call: DROP TABLE SERVICO
Query: DataModifyQuery(sql="DROP TABLE SERVICO")
[EL Fine]: sql: 2025-11-16 10:56:39.724--ServerSession(1760126453)--Connection(1799230133)--Thread(Thread[#1,main,5,main])--DROP TABLE CONTRATO
[EL Fine]: sql: 2025-11-16 10:56:39.734--ServerSession(1760126453)--Thread(Thread[#1,main,5,main])--VALUES(1)
[EL Warning]: 2025-11-16 10:56:39.743--ServerSession(1760126453)--Thread(Thread[#1,main,5,main])--Exception [EclipseLink-4002] (Eclipse Persistence Services - 4.0.4.v202407190748-059428cdd2583c46f1f3e50d235854840a6fa9a7): org.eclipse.persistence.exceptions.DatabaseException
Internal Exception: java.sql.SQLSyntaxErrorException: 'DROP TABLE' cannot be performed on 'CONTRATO' because it does not exist.
Error Code: 30000
Call: DROP TABLE CONTRATO
Query: DataModifyQuery(sql="DROP TABLE CONTRATO")
[EL Fine]: sql: 2025-11-16 10:56:39.744--ServerSession(1760126453)--Connection(1799230133)--Thread(Thread[#1,main,5,main])--DROP TABLE SERVICO
[EL Fine]: sql: 2025-11-16 10:56:39.757--ServerSession(1760126453)--Thread(Thread[#1,main,5,main])--VALUES(1)
[EL Warning]: 2025-11-16 10:56:39.763--ServerSession(1760126453)--Thread(Thread[#1,main,5,main])--Exception [EclipseLink-4002] (Eclipse Persistence Services - 4.0.4.v202407190748-059428cdd2583c46f1f3e50d235854840a6fa9a7): org.eclipse.persistence.exceptions.DatabaseException
Internal Exception: java.sql.SQLSyntaxErrorException: 'DROP TABLE' cannot be performed on 'SERVICO' because it does not exist.
Error Code: 30000
Call: DROP TABLE SERVICO
Query: DataModifyQuery(sql="DROP TABLE SERVICO")
[EL Fine]: sql: 2025-11-16 10:56:39.804--ServerSession(1760126453)--Connection(1799230133)--Thread(Thread[#1,main,5,main])--CREATE TABLE CATEGORIA (ID BIGINT GENERATED BY DEFAULT AS IDENTITY NOT NULL, DT_CRIACAO TIMESTAMP, NOME VARCHAR(80) NOT NULL UNIQUE, PRIMARY KEY (ID))
[EL Fine]: sql: 2025-11-16 10:56:39.861--ServerSession(1760126453)--Connection(1799230133)--Thread(Thread[#1,main,5,main])--CREATE TABLE CONTRATO (ID BIGINT GENERATED BY DEFAULT AS IDENTITY NOT NULL, DT_CRIACAO TIMESTAMP, DT_FIM TIMESTAMP NOT NULL, DT_INICIO TIMESTAMP NOT NULL, VALOR_FINAL DECIMAL(2,10), ID_SERVICO BIGINT, PRIMARY KEY (ID))
[EL Fine]: sql: 2025-11-16 10:56:39.865--ServerSession(1760126453)--Thread(Thread[#1,main,5,main])--VALUES(1)
[EL Warning]: 2025-11-16 10:56:39.867--ServerSession(1760126453)--Thread(Thread[#1,main,5,main])--Exception [EclipseLink-4002] (Eclipse Persistence Services - 4.0.4.v202407190748-059428cdd2583c46f1f3e50d235854840a6fa9a7): org.eclipse.persistence.exceptions.DatabaseException
Internal Exception: java.sql.SQLSyntaxErrorException: Scale '10' is not a valid scale with precision of '2'.
Error Code: 30000
Call: CREATE TABLE CONTRATO (ID BIGINT GENERATED BY DEFAULT AS IDENTITY NOT NULL, DT_CRIACAO TIMESTAMP, DT_FIM TIMESTAMP NOT NULL, DT_INICIO TIMESTAMP NOT NULL, VALOR_FINAL DECIMAL(2,10), ID_SERVICO BIGINT, PRIMARY KEY (ID))
Query: DataModifyQuery(sql="CREATE TABLE CONTRATO (ID BIGINT GENERATED BY DEFAULT AS IDENTITY NOT NULL, DT_CRIACAO TIMESTAMP, DT_FIM TIMESTAMP NOT NULL, DT_INICIO TIMESTAMP NOT NULL, VALOR_FINAL DECIMAL(2,10), ID_SERVICO BIGINT, PRIMARY KEY (ID))")
[EL Fine]: sql: 2025-11-16 10:56:39.871--ServerSession(1760126453)--Connection(1799230133)--Thread(Thread[#1,main,5,main])--CREATE TABLE USUARIO (ID BIGINT GENERATED BY DEFAULT AS IDENTITY NOT NULL, DISC_USUARIO VARCHAR(1), DT_CRIACAO TIMESTAMP, DT_NASCIMENTO TIMESTAMP NOT NULL, EMAIL VARCHAR(100) NOT NULL UNIQUE, NOME VARCHAR(100) NOT NULL, SENHA VARCHAR(255) NOT NULL, TELEFONE VARCHAR(20) NOT NULL, USERNAME VARCHAR(30) NOT NULL UNIQUE, PRIMARY KEY (ID))
[EL Fine]: sql: 2025-11-16 10:56:39.915--ServerSession(1760126453)--Connection(1799230133)--Thread(Thread[#1,main,5,main])--CREATE TABLE PRESTADOR (ID_PRESTADOR BIGINT NOT NULL, AVALIACAO FLOAT, CPF_CNPJ VARCHAR(14) NOT NULL UNIQUE, RESUMO VARCHAR(255), PRIMARY KEY (ID_PRESTADOR))
[EL Fine]: sql: 2025-11-16 10:56:39.964--ServerSession(1760126453)--Connection(1799230133)--Thread(Thread[#1,main,5,main])--CREATE TABLE SERVICO (ID BIGINT GENERATED BY DEFAULT AS IDENTITY NOT NULL, DT_CRIACAO TIMESTAMP, DESCRICAO VARCHAR(255), DISPONIVEL SMALLINT DEFAULT 0 NOT NULL, PRECO_BASE DECIMAL(2,10), TITULO VARCHAR(100) NOT NULL, ID_PRESTADOR BIGINT, PRIMARY KEY (ID))
[EL Fine]: sql: 2025-11-16 10:56:39.968--ServerSession(1760126453)--Thread(Thread[#1,main,5,main])--VALUES(1)
[EL Warning]: 2025-11-16 10:56:39.97--ServerSession(1760126453)--Thread(Thread[#1,main,5,main])--Exception [EclipseLink-4002] (Eclipse Persistence Services - 4.0.4.v202407190748-059428cdd2583c46f1f3e50d235854840a6fa9a7): org.eclipse.persistence.exceptions.DatabaseException
Internal Exception: java.sql.SQLSyntaxErrorException: Scale '10' is not a valid scale with precision of '2'.
Error Code: 30000
Call: CREATE TABLE SERVICO (ID BIGINT GENERATED BY DEFAULT AS IDENTITY NOT NULL, DT_CRIACAO TIMESTAMP, DESCRICAO VARCHAR(255), DISPONIVEL SMALLINT DEFAULT 0 NOT NULL, PRECO_BASE DECIMAL(2,10), TITULO VARCHAR(100) NOT NULL, ID_PRESTADOR BIGINT, PRIMARY KEY (ID))
Query: DataModifyQuery(sql="CREATE TABLE SERVICO (ID BIGINT GENERATED BY DEFAULT AS IDENTITY NOT NULL, DT_CRIACAO TIMESTAMP, DESCRICAO VARCHAR(255), DISPONIVEL SMALLINT DEFAULT 0 NOT NULL, PRECO_BASE DECIMAL(2,10), TITULO VARCHAR(100) NOT NULL, ID_PRESTADOR BIGINT, PRIMARY KEY (ID))")
[EL Fine]: sql: 2025-11-16 10:56:39.975--ServerSession(1760126453)--Connection(1799230133)--Thread(Thread[#1,main,5,main])--CREATE TABLE CLIENTE (ID_CLIENTE BIGINT NOT NULL, CPF VARCHAR(11) NOT NULL UNIQUE, PRIMARY KEY (ID_CLIENTE))
[EL Fine]: sql: 2025-11-16 10:56:40.011--ServerSession(1760126453)--Connection(1799230133)--Thread(Thread[#1,main,5,main])--CREATE TABLE SERVICOS_CATEGORIAS (ID_SERVICO BIGINT NOT NULL, ID_CATEGORIA BIGINT NOT NULL, PRIMARY KEY (ID_SERVICO, ID_CATEGORIA))
[EL Fine]: sql: 2025-11-16 10:56:40.025--ServerSession(1760126453)--Connection(1799230133)--Thread(Thread[#1,main,5,main])--ALTER TABLE CONTRATO ADD CONSTRAINT CONTRATOID_SERVICO FOREIGN KEY (ID_SERVICO) REFERENCES SERVICO (ID)
[EL Fine]: sql: 2025-11-16 10:56:40.026--ServerSession(1760126453)--Thread(Thread[#1,main,5,main])--VALUES(1)
[EL Warning]: 2025-11-16 10:56:40.029--ServerSession(1760126453)--Thread(Thread[#1,main,5,main])--Exception [EclipseLink-4002] (Eclipse Persistence Services - 4.0.4.v202407190748-059428cdd2583c46f1f3e50d235854840a6fa9a7): org.eclipse.persistence.exceptions.DatabaseException
Internal Exception: java.sql.SQLSyntaxErrorException: 'ALTER TABLE' cannot be performed on 'CONTRATO' because it does not exist.
Error Code: 30000
Call: ALTER TABLE CONTRATO ADD CONSTRAINT CONTRATOID_SERVICO FOREIGN KEY (ID_SERVICO) REFERENCES SERVICO (ID)
Query: DataModifyQuery(sql="ALTER TABLE CONTRATO ADD CONSTRAINT CONTRATOID_SERVICO FOREIGN KEY (ID_SERVICO) REFERENCES SERVICO (ID)")
[EL Fine]: sql: 2025-11-16 10:56:40.03--ServerSession(1760126453)--Connection(1799230133)--Thread(Thread[#1,main,5,main])--ALTER TABLE PRESTADOR ADD CONSTRAINT PRSTADORDPRESTADOR FOREIGN KEY (ID_PRESTADOR) REFERENCES USUARIO (ID)
[EL Fine]: sql: 2025-11-16 10:56:40.039--ServerSession(1760126453)--Connection(1799230133)--Thread(Thread[#1,main,5,main])--ALTER TABLE SERVICO ADD CONSTRAINT SERVICOIDPRESTADOR FOREIGN KEY (ID_PRESTADOR) REFERENCES USUARIO (ID)
[EL Fine]: sql: 2025-11-16 10:56:40.043--ServerSession(1760126453)--Thread(Thread[#1,main,5,main])--VALUES(1)
[EL Warning]: 2025-11-16 10:56:40.046--ServerSession(1760126453)--Thread(Thread[#1,main,5,main])--Exception [EclipseLink-4002] (Eclipse Persistence Services - 4.0.4.v202407190748-059428cdd2583c46f1f3e50d235854840a6fa9a7): org.eclipse.persistence.exceptions.DatabaseException
Internal Exception: java.sql.SQLSyntaxErrorException: 'ALTER TABLE' cannot be performed on 'SERVICO' because it does not exist.
Error Code: 30000
Call: ALTER TABLE SERVICO ADD CONSTRAINT SERVICOIDPRESTADOR FOREIGN KEY (ID_PRESTADOR) REFERENCES USUARIO (ID)
Query: DataModifyQuery(sql="ALTER TABLE SERVICO ADD CONSTRAINT SERVICOIDPRESTADOR FOREIGN KEY (ID_PRESTADOR) REFERENCES USUARIO (ID)")
[EL Fine]: sql: 2025-11-16 10:56:40.047--ServerSession(1760126453)--Connection(1799230133)--Thread(Thread[#1,main,5,main])--ALTER TABLE CLIENTE ADD CONSTRAINT CLIENTE_ID_CLIENTE FOREIGN KEY (ID_CLIENTE) REFERENCES USUARIO (ID)
[EL Fine]: sql: 2025-11-16 10:56:40.06--ServerSession(1760126453)--Connection(1799230133)--Thread(Thread[#1,main,5,main])--ALTER TABLE SERVICOS_CATEGORIAS ADD CONSTRAINT SRVCSCTGORIASDSRVC FOREIGN KEY (ID_SERVICO) REFERENCES SERVICO (ID)
[EL Fine]: sql: 2025-11-16 10:56:40.064--ServerSession(1760126453)--Thread(Thread[#1,main,5,main])--VALUES(1)
[EL Warning]: 2025-11-16 10:56:40.065--ServerSession(1760126453)--Thread(Thread[#1,main,5,main])--Exception [EclipseLink-4002] (Eclipse Persistence Services - 4.0.4.v202407190748-059428cdd2583c46f1f3e50d235854840a6fa9a7): org.eclipse.persistence.exceptions.DatabaseException
Internal Exception: java.sql.SQLTransactionRollbackException: Constraint 'SRVCSCTGORIASDSRVC' is invalid: referenced table SERVICO does not exist.
Error Code: 30000
Call: ALTER TABLE SERVICOS_CATEGORIAS ADD CONSTRAINT SRVCSCTGORIASDSRVC FOREIGN KEY (ID_SERVICO) REFERENCES SERVICO (ID)
Query: DataModifyQuery(sql="ALTER TABLE SERVICOS_CATEGORIAS ADD CONSTRAINT SRVCSCTGORIASDSRVC FOREIGN KEY (ID_SERVICO) REFERENCES SERVICO (ID)")
[EL Fine]: sql: 2025-11-16 10:56:40.097--ClientSession(173738886)--Connection(1799230133)--Thread(Thread[#1,main,5,main])--INSERT INTO USUARIO (DT_CRIACAO, DT_NASCIMENTO, EMAIL, NOME, SENHA, TELEFONE, USERNAME, DISC_USUARIO) VALUES (?, ?, ?, ?, ?, ?, ?, ?)
	bind => [2025-11-16 10:56:40.092, 1990-05-20 00:00:00.0, maria@example.com, Maria Prestadora, 123456, 81999998888, maria.prestadora, P]
[EL Fine]: sql: 2025-11-16 10:56:40.142--ClientSession(173738886)--Connection(1799230133)--Thread(Thread[#1,main,5,main])--INSERT INTO PRESTADOR (AVALIACAO, CPF_CNPJ, RESUMO, ID_PRESTADOR) VALUES (?, ?, ?, ?)
	bind => [4.5, 00011122233, Prestadora experiente, 1]
[EL Fine]: sql: 2025-11-16 10:56:40.179--ClientSession(173738886)--Connection(1799230133)--Thread(Thread[#1,main,5,main])--INSERT INTO SERVICO (DT_CRIACAO, DESCRICAO, DISPONIVEL, PRECO_BASE, TITULO, ID_PRESTADOR) VALUES (?, ?, ?, ?, ?, ?)
	bind => [2025-11-16 10:56:40.168, Limpeza completa com produtos, true, 200.00, Limpeza de Piscina, 1]
[EL Fine]: sql: 2025-11-16 10:56:40.189--ClientSession(173738886)--Thread(Thread[#1,main,5,main])--VALUES(1)
[EL Warning]: 2025-11-16 10:56:40.193--UnitOfWork(1768127248)--Thread(Thread[#1,main,5,main])--Exception [EclipseLink-4002] (Eclipse Persistence Services - 4.0.4.v202407190748-059428cdd2583c46f1f3e50d235854840a6fa9a7): org.eclipse.persistence.exceptions.DatabaseException
Internal Exception: java.sql.SQLSyntaxErrorException: Table/View 'SERVICO' does not exist.
Error Code: 20000
Call: INSERT INTO SERVICO (DT_CRIACAO, DESCRICAO, DISPONIVEL, PRECO_BASE, TITULO, ID_PRESTADOR) VALUES (?, ?, ?, ?, ?, ?)
	bind => [2025-11-16 10:56:40.168, Limpeza completa com produtos, true, 200.00, Limpeza de Piscina, 1]
Query: InsertObjectQuery(com.mycompany.mavenproject1.exemplo.jpa.Servico@62fad19)
]]></system-out>
  </testcase>
</testsuite>