<?xml version="1.0" encoding="UTF-8"?>
<testsuite xmlns:xsi="http://www.w3.org/2001/XMLSchema-instance" xsi:noNamespaceSchemaLocation="https://maven.apache.org/surefire/maven-surefire-plugin/xsd/surefire-test-report-3.0.xsd" version="3.0" name="com.mycompany.mavenproject1.exemplo.jpa.CategoriaTest" time="1.107" tests="2" errors="2" skipped="0" failures="0">
  <properties>
[...]
</properties>
  <testcase name="" classname="com.mycompany.mavenproject1.exemplo.jpa.CategoriaTest" time="1.101">
    <error message="Exception [EclipseLink-28019] (Eclipse Persistence Services - 4.0.4.v202407190748-059428cdd2583c46f1f3e50d235854840a6fa9a7): org.eclipse.persistence.exceptions.EntityManagerSetupException&#10;Exception Description: Deployment of PersistenceUnit [exemplo_01] failed. Close all factories for this PersistenceUnit.&#10;Internal Exception: Exception [EclipseLink-0] (Eclipse Persistence Services - 4.0.4.v202407190748-059428cdd2583c46f1f3e50d235854840a6fa9a7): org.eclipse.persistence.exceptions.IntegrityException&#10;Descriptor Exceptions: &#10;---------------------------------------------------------&#10;&#10;Exception [EclipseLink-48] (Eclipse Persistence Services - 4.0.4.v202407190748-059428cdd2583c46f1f3e50d235854840a6fa9a7): org.eclipse.persistence.exceptions.DescriptorException&#10;Exception Description: Multiple writable mappings exist for the field [CONTRATO.ID].  Only one may be defined as writable, all others must be specified read-only.&#10;Mapping: org.eclipse.persistence.mappings.ManyToOneMapping[contrato]&#10;Descriptor: RelationalDescriptor(com.mycompany.mavenproject1.exemplo.jpa.Contrato --&gt; [DatabaseTable(CONTRATO)])&#10;&#10;Exception [EclipseLink-48] (Eclipse Persistence Services - 4.0.4.v202407190748-059428cdd2583c46f1f3e50d235854840a6fa9a7): org.eclipse.persistence.exceptions.DescriptorException&#10;Exception Description: Multiple writable mappings exist for the field [CONTRATO.ID].  Only one may be defined as writable, all others must be specified read-only.&#10;Mapping: org.eclipse.persistence.mappings.ManyToOneMapping[servico]&#10;Descriptor: RelationalDescriptor(com.mycompany.mavenproject1.exemplo.jpa.Contrato --&gt; [DatabaseTable(CONTRATO)])&#10;&#10;Exception [EclipseLink-93] (Eclipse Persistence Services - 4.0.4.v202407190748-059428cdd2583c46f1f3e50d235854840a6fa9a7): org.eclipse.persistence.exceptions.DescriptorException&#10;Exception Description: The table [CONTRATO] is not present in this descriptor.&#10;Descriptor: RelationalDescriptor(com.mycompany.mavenproject1.exemplo.jpa.Servico --&gt; [DatabaseTable(SERVICO)])&#10;&#10;Exception [EclipseLink-41] (Eclipse Persistence Services - 4.0.4.v202407190748-059428cdd2583c46f1f3e50d235854840a6fa9a7): org.eclipse.persistence.exceptions.DescriptorException&#10;Exception Description: A non-read-only mapping must be defined for the sequence number field.&#10;Descriptor: RelationalDescriptor(com.mycompany.mavenproject1.exemplo.jpa.Servico --&gt; [DatabaseTable(SERVICO)])&#10;&#10;Runtime Exceptions: &#10;---------------------------------------------------------&#10;" type="jakarta.persistence.PersistenceException"><![CDATA[jakarta.persistence.PersistenceException: 
Exception [EclipseLink-28019] (Eclipse Persistence Services - 4.0.4.v202407190748-059428cdd2583c46f1f3e50d235854840a6fa9a7): org.eclipse.persistence.exceptions.EntityManagerSetupException
Exception Description: Deployment of PersistenceUnit [exemplo_01] failed. Close all factories for this PersistenceUnit.
Internal Exception: Exception [EclipseLink-0] (Eclipse Persistence Services - 4.0.4.v202407190748-059428cdd2583c46f1f3e50d235854840a6fa9a7): org.eclipse.persistence.exceptions.IntegrityException
Descriptor Exceptions: 
---------------------------------------------------------

Exception [EclipseLink-48] (Eclipse Persistence Services - 4.0.4.v202407190748-059428cdd2583c46f1f3e50d235854840a6fa9a7): org.eclipse.persistence.exceptions.DescriptorException
Exception Description: Multiple writable mappings exist for the field [CONTRATO.ID].  Only one may be defined as writable, all others must be specified read-only.
Mapping: org.eclipse.persistence.mappings.ManyToOneMapping[contrato]
Descriptor: RelationalDescriptor(com.mycompany.mavenproject1.exemplo.jpa.Contrato --> [DatabaseTable(CONTRATO)])

Exception [EclipseLink-48] (Eclipse Persistence Services - 4.0.4.v202407190748-059428cdd2583c46f1f3e50d235854840a6fa9a7): org.eclipse.persistence.exceptions.DescriptorException
Exception Description: Multiple writable mappings exist for the field [CONTRATO.ID].  Only one may be defined as writable, all others must be specified read-only.
Mapping: org.eclipse.persistence.mappings.ManyToOneMapping[servico]
Descriptor: RelationalDescriptor(com.mycompany.mavenproject1.exemplo.jpa.Contrato --> [DatabaseTable(CONTRATO)])

Exception [EclipseLink-93] (Eclipse Persistence Services - 4.0.4.v202407190748-059428cdd2583c46f1f3e50d235854840a6fa9a7): org.eclipse.persistence.exceptions.DescriptorException
Exception Description: The table [CONTRATO] is not present in this descriptor.
Descriptor: RelationalDescriptor(com.mycompany.mavenproject1.exemplo.jpa.Servico --> [DatabaseTable(SERVICO)])

Exception [EclipseLink-41] (Eclipse Persistence Services - 4.0.4.v202407190748-059428cdd2583c46f1f3e50d235854840a6fa9a7): org.eclipse.persistence.exceptions.DescriptorException
Exception Description: A non-read-only mapping must be defined for the sequence number field.
Descriptor: RelationalDescriptor(com.mycompany.mavenproject1.exemplo.jpa.Servico --> [DatabaseTable(SERVICO)])

Runtime Exceptions: 
---------------------------------------------------------

	at org.eclipse.persistence.internal.jpa.EntityManagerSetupImpl.createDeployFailedPersistenceException(EntityManagerSetupImpl.java:904)
	at org.eclipse.persistence.internal.jpa.EntityManagerSetupImpl.deploy(EntityManagerSetupImpl.java:849)
	at org.eclipse.persistence.internal.jpa.EntityManagerFactoryDelegate.getAbstractSession(EntityManagerFactoryDelegate.java:226)
	at org.eclipse.persistence.internal.jpa.EntityManagerFactoryDelegate.getDatabaseSession(EntityManagerFactoryDelegate.java:203)
	at org.eclipse.persistence.internal.jpa.EntityManagerFactoryImpl.getDatabaseSession(EntityManagerFactoryImpl.java:534)
	at org.eclipse.persistence.jpa.PersistenceProvider.createEntityManagerFactoryImpl(PersistenceProvider.java:153)
	at org.eclipse.persistence.jpa.PersistenceProvider.createEntityManagerFactory(PersistenceProvider.java:191)
	at jakarta.persistence.Persistence.createEntityManagerFactory(Persistence.java:80)
	at jakarta.persistence.Persistence.createEntityManagerFactory(Persistence.java:55)
	at com.mycompany.mavenproject1.exemplo.jpa.Teste.setUpClass(Teste.java:28)
	at java.base/jdk.internal.reflect.DirectMethodHandleAccessor.invoke(DirectMethodHandleAccessor.java:103)
	at java.base/java.lang.reflect.Method.invoke(Method.java:580)
	at org.junit.runners.model.FrameworkMethod$1.runReflectiveCall(FrameworkMethod.java:59)
	at org.junit.internal.runners.model.ReflectiveCallable.run(ReflectiveCallable.java:12)
	at org.junit.runners.model.FrameworkMethod.invokeExplosively(FrameworkMethod.java:56)
	at org.junit.internal.runners.statements.RunBefores.invokeMethod(RunBefores.java:33)
	at org.junit.internal.runners.statements.RunBefores.evaluate(RunBefores.java:24)
	at org.junit.internal.runners.statements.RunAfters.evaluate(RunAfters.java:27)
	at org.junit.runners.ParentRunner$3.evaluate(ParentRunner.java:306)
	at org.junit.runners.ParentRunner.run(ParentRunner.java:413)
	at org.apache.maven.surefire.junit4.JUnit4Provider.execute(JUnit4Provider.java:316)
	at org.apache.maven.surefire.junit4.JUnit4Provider.executeWithRerun(JUnit4Provider.java:240)
	at org.apache.maven.surefire.junit4.JUnit4Provider.executeTestSet(JUnit4Provider.java:214)
	at org.apache.maven.surefire.junit4.JUnit4Provider.invoke(JUnit4Provider.java:155)
	at org.apache.maven.surefire.booter.ForkedBooter.runSuitesInProcess(ForkedBooter.java:385)
	at org.apache.maven.surefire.booter.ForkedBooter.execute(ForkedBooter.java:162)
	at org.apache.maven.surefire.booter.ForkedBooter.run(ForkedBooter.java:507)
	at org.apache.maven.surefire.booter.ForkedBooter.main(ForkedBooter.java:495)
Caused by: Exception [EclipseLink-28019] (Eclipse Persistence Services - 4.0.4.v202407190748-059428cdd2583c46f1f3e50d235854840a6fa9a7): org.eclipse.persistence.exceptions.EntityManagerSetupException
Exception Description: Deployment of PersistenceUnit [exemplo_01] failed. Close all factories for this PersistenceUnit.
Internal Exception: Exception [EclipseLink-0] (Eclipse Persistence Services - 4.0.4.v202407190748-059428cdd2583c46f1f3e50d235854840a6fa9a7): org.eclipse.persistence.exceptions.IntegrityException
Descriptor Exceptions: 
---------------------------------------------------------

Exception [EclipseLink-48] (Eclipse Persistence Services - 4.0.4.v202407190748-059428cdd2583c46f1f3e50d235854840a6fa9a7): org.eclipse.persistence.exceptions.DescriptorException
Exception Description: Multiple writable mappings exist for the field [CONTRATO.ID].  Only one may be defined as writable, all others must be specified read-only.
Mapping: org.eclipse.persistence.mappings.ManyToOneMapping[contrato]
Descriptor: RelationalDescriptor(com.mycompany.mavenproject1.exemplo.jpa.Contrato --> [DatabaseTable(CONTRATO)])

Exception [EclipseLink-48] (Eclipse Persistence Services - 4.0.4.v202407190748-059428cdd2583c46f1f3e50d235854840a6fa9a7): org.eclipse.persistence.exceptions.DescriptorException
Exception Description: Multiple writable mappings exist for the field [CONTRATO.ID].  Only one may be defined as writable, all others must be specified read-only.
Mapping: org.eclipse.persistence.mappings.ManyToOneMapping[servico]
Descriptor: RelationalDescriptor(com.mycompany.mavenproject1.exemplo.jpa.Contrato --> [DatabaseTable(CONTRATO)])

Exception [EclipseLink-93] (Eclipse Persistence Services - 4.0.4.v202407190748-059428cdd2583c46f1f3e50d235854840a6fa9a7): org.eclipse.persistence.exceptions.DescriptorException
Exception Description: The table [CONTRATO] is not present in this descriptor.
Descriptor: RelationalDescriptor(com.mycompany.mavenproject1.exemplo.jpa.Servico --> [DatabaseTable(SERVICO)])

Exception [EclipseLink-41] (Eclipse Persistence Services - 4.0.4.v202407190748-059428cdd2583c46f1f3e50d235854840a6fa9a7): org.eclipse.persistence.exceptions.DescriptorException
Exception Description: A non-read-only mapping must be defined for the sequence number field.
Descriptor: RelationalDescriptor(com.mycompany.mavenproject1.exemplo.jpa.Servico --> [DatabaseTable(SERVICO)])

Runtime Exceptions: 
---------------------------------------------------------

	at org.eclipse.persistence.exceptions.EntityManagerSetupException.deployFailed(EntityManagerSetupException.java:241)
	... 28 more
Caused by: Exception [EclipseLink-0] (Eclipse Persistence Services - 4.0.4.v202407190748-059428cdd2583c46f1f3e50d235854840a6fa9a7): org.eclipse.persistence.exceptions.IntegrityException
Descriptor Exceptions: 
---------------------------------------------------------

Exception [EclipseLink-48] (Eclipse Persistence Services - 4.0.4.v202407190748-059428cdd2583c46f1f3e50d235854840a6fa9a7): org.eclipse.persistence.exceptions.DescriptorException
Exception Description: Multiple writable mappings exist for the field [CONTRATO.ID].  Only one may be defined as writable, all others must be specified read-only.
Mapping: org.eclipse.persistence.mappings.ManyToOneMapping[contrato]
Descriptor: RelationalDescriptor(com.mycompany.mavenproject1.exemplo.jpa.Contrato --> [DatabaseTable(CONTRATO)])

Exception [EclipseLink-48] (Eclipse Persistence Services - 4.0.4.v202407190748-059428cdd2583c46f1f3e50d235854840a6fa9a7): org.eclipse.persistence.exceptions.DescriptorException
Exception Description: Multiple writable mappings exist for the field [CONTRATO.ID].  Only one may be defined as writable, all others must be specified read-only.
Mapping: org.eclipse.persistence.mappings.ManyToOneMapping[servico]
Descriptor: RelationalDescriptor(com.mycompany.mavenproject1.exemplo.jpa.Contrato --> [DatabaseTable(CONTRATO)])

Exception [EclipseLink-93] (Eclipse Persistence Services - 4.0.4.v202407190748-059428cdd2583c46f1f3e50d235854840a6fa9a7): org.eclipse.persistence.exceptions.DescriptorException
Exception Description: The table [CONTRATO] is not present in this descriptor.
Descriptor: RelationalDescriptor(com.mycompany.mavenproject1.exemplo.jpa.Servico --> [DatabaseTable(SERVICO)])

Exception [EclipseLink-41] (Eclipse Persistence Services - 4.0.4.v202407190748-059428cdd2583c46f1f3e50d235854840a6fa9a7): org.eclipse.persistence.exceptions.DescriptorException
Exception Description: A non-read-only mapping must be defined for the sequence number field.
Descriptor: RelationalDescriptor(com.mycompany.mavenproject1.exemplo.jpa.Servico --> [DatabaseTable(SERVICO)])

Runtime Exceptions: 
---------------------------------------------------------

	at org.eclipse.persistence.internal.sessions.DatabaseSessionImpl.initializeDescriptors(DatabaseSessionImpl.java:762)
	at org.eclipse.persistence.internal.sessions.DatabaseSessionImpl.initializeDescriptors(DatabaseSessionImpl.java:698)
	at org.eclipse.persistence.internal.sessions.DatabaseSessionImpl.initializeDescriptors(DatabaseSessionImpl.java:629)
	at org.eclipse.persistence.internal.sessions.DatabaseSessionImpl.postConnectDatasource(DatabaseSessionImpl.java:875)
	at org.eclipse.persistence.internal.sessions.DatabaseSessionImpl.login(DatabaseSessionImpl.java:825)
	at org.eclipse.persistence.internal.jpa.EntityManagerFactoryProvider.login(EntityManagerFactoryProvider.java:261)
	at org.eclipse.persistence.internal.jpa.EntityManagerSetupImpl.deploy(EntityManagerSetupImpl.java:770)
	... 26 more
]]></error>
    <system-out><![CDATA[[EL Fine]: server: 2025-11-10 19:40:03.302--Thread(Thread[#1,main,5,main])--Configured server platform: org.eclipse.persistence.platform.server.NoServerPlatform
[EL Config]: metadata: 2025-11-10 19:40:03.453--ServerSession(773662650)--Thread(Thread[#1,main,5,main])--The access type for the persistent class [class com.mycompany.mavenproject1.exemplo.jpa.Categoria] is set to [FIELD].
[EL Config]: metadata: 2025-11-10 19:40:03.47--ServerSession(773662650)--Thread(Thread[#1,main,5,main])--The access type for the persistent class [class com.mycompany.mavenproject1.exemplo.jpa.Contrato] is set to [FIELD].
[EL Config]: metadata: 2025-11-10 19:40:03.475--ServerSession(773662650)--Thread(Thread[#1,main,5,main])--The target entity (reference) class for the many to one mapping element [field contrato] is being defaulted to: class com.mycompany.mavenproject1.exemplo.jpa.Contrato.
[EL Config]: metadata: 2025-11-10 19:40:03.476--ServerSession(773662650)--Thread(Thread[#1,main,5,main])--The target entity (reference) class for the many to one mapping element [field servico] is being defaulted to: class com.mycompany.mavenproject1.exemplo.jpa.Servico.
[EL Config]: metadata: 2025-11-10 19:40:03.476--ServerSession(773662650)--Thread(Thread[#1,main,5,main])--The access type for the persistent class [class com.mycompany.mavenproject1.exemplo.jpa.Usuario] is set to [FIELD].
[EL Config]: metadata: 2025-11-10 19:40:03.476--ServerSession(773662650)--Thread(Thread[#1,main,5,main])--The access type for the persistent class [class com.mycompany.mavenproject1.exemplo.jpa.Prestador] is set to [FIELD].
[EL Config]: metadata: 2025-11-10 19:40:03.481--ServerSession(773662650)--Thread(Thread[#1,main,5,main])--The target entity (reference) class for the one to many mapping element [field servicos] is being defaulted to: class com.mycompany.mavenproject1.exemplo.jpa.Servico.
[EL Config]: metadata: 2025-11-10 19:40:03.485--ServerSession(773662650)--Thread(Thread[#1,main,5,main])--The access type for the persistent class [class com.mycompany.mavenproject1.exemplo.jpa.Servico] is set to [FIELD].
[EL Config]: metadata: 2025-11-10 19:40:03.485--ServerSession(773662650)--Thread(Thread[#1,main,5,main])--The target entity (reference) class for the many to one mapping element [field prestador] is being defaulted to: class com.mycompany.mavenproject1.exemplo.jpa.Prestador.
[EL Config]: metadata: 2025-11-10 19:40:03.485--ServerSession(773662650)--Thread(Thread[#1,main,5,main])--The target entity (reference) class for the many to many mapping element [field categorias] is being defaulted to: class com.mycompany.mavenproject1.exemplo.jpa.Categoria.
[EL Config]: metadata: 2025-11-10 19:40:03.485--ServerSession(773662650)--Thread(Thread[#1,main,5,main])--The target entity (reference) class for the one to many mapping element [field contratos] is being defaulted to: class com.mycompany.mavenproject1.exemplo.jpa.Contrato.
[EL Config]: metadata: 2025-11-10 19:40:03.485--ServerSession(773662650)--Thread(Thread[#1,main,5,main])--The access type for the persistent class [class com.mycompany.mavenproject1.exemplo.jpa.Cliente] is set to [FIELD].
[EL Config]: metadata: 2025-11-10 19:40:03.485--ServerSession(773662650)--Thread(Thread[#1,main,5,main])--The alias name for the entity class [class com.mycompany.mavenproject1.exemplo.jpa.Categoria] is being defaulted to: Categoria.
[EL Config]: metadata: 2025-11-10 19:40:03.505--ServerSession(773662650)--Thread(Thread[#1,main,5,main])--The column name for element [id] is being defaulted to: ID.
[EL Config]: metadata: 2025-11-10 19:40:03.507--ServerSession(773662650)--Thread(Thread[#1,main,5,main])--The alias name for the entity class [class com.mycompany.mavenproject1.exemplo.jpa.Contrato] is being defaulted to: Contrato.
[EL Config]: metadata: 2025-11-10 19:40:03.507--ServerSession(773662650)--Thread(Thread[#1,main,5,main])--The column name for element [id] is being defaulted to: ID.
[EL Config]: metadata: 2025-11-10 19:40:03.508--ServerSession(773662650)--Thread(Thread[#1,main,5,main])--The alias name for the entity class [class com.mycompany.mavenproject1.exemplo.jpa.Prestador] is being defaulted to: Prestador.
[EL Config]: metadata: 2025-11-10 19:40:03.508--ServerSession(773662650)--Thread(Thread[#1,main,5,main])--The alias name for the entity class [class com.mycompany.mavenproject1.exemplo.jpa.Usuario] is being defaulted to: Usuario.
[EL Config]: metadata: 2025-11-10 19:40:03.51--ServerSession(773662650)--Thread(Thread[#1,main,5,main])--The column name for element [id] is being defaulted to: ID.
[EL Config]: metadata: 2025-11-10 19:40:03.511--ServerSession(773662650)--Thread(Thread[#1,main,5,main])--The alias name for the entity class [class com.mycompany.mavenproject1.exemplo.jpa.Servico] is being defaulted to: Servico.
[EL Config]: metadata: 2025-11-10 19:40:03.511--ServerSession(773662650)--Thread(Thread[#1,main,5,main])--The column name for element [id] is being defaulted to: ID.
[EL Config]: metadata: 2025-11-10 19:40:03.512--ServerSession(773662650)--Thread(Thread[#1,main,5,main])--The alias name for the entity class [class com.mycompany.mavenproject1.exemplo.jpa.Cliente] is being defaulted to: Cliente.
[EL Config]: metadata: 2025-11-10 19:40:03.529--ServerSession(773662650)--Thread(Thread[#1,main,5,main])--The source primary key column name for the many to many mapping [field categorias] is being defaulted to: ID.
[EL Config]: metadata: 2025-11-10 19:40:03.529--ServerSession(773662650)--Thread(Thread[#1,main,5,main])--The target primary key column name for the many to many mapping [field categorias] is being defaulted to: ID.
[EL Config]: weaver: 2025-11-10 19:40:03.536--ServerSession(773662650)--Thread(Thread[#1,main,5,main])--Class com.mycompany.mavenproject1.exemplo.jpa.Prestador could not be weaved for change tracking as it is not supported by its mappings.
[EL Info]: 2025-11-10 19:40:03.658--ServerSession(773662650)--Thread(Thread[#1,main,5,main])--EclipseLink, version: Eclipse Persistence Services - 4.0.4.v202407190748-059428cdd2583c46f1f3e50d235854840a6fa9a7
[EL Fine]: connection: 2025-11-10 19:40:03.664--ServerSession(773662650)--Connection(485845532)--Thread(Thread[#1,main,5,main])--connecting(DatabaseLogin(
	platform=>DerbyPlatform
	user name=> "app"
	datasource URL=> "jdbc:derby://localhost:1527/exemplo_01;create=true"
))
[EL Config]: connection: 2025-11-10 19:40:03.982--ServerSession(773662650)--Connection(1799230133)--Thread(Thread[#1,main,5,main])--Connected: jdbc:derby://localhost:1527/exemplo_01;create=true
	User: app
	Database: Apache Derby  Version: 10.16.1.1 - (1901046)
	Driver: Apache Derby Network Client JDBC Driver  Version: 10.16.1.1 - (1901046)
[EL Warning]: metadata: 2025-11-10 19:40:04.01--ServerSession(773662650)--Thread(Thread[#1,main,5,main])--Reverting the lazy setting on the OneToOne or ManyToOne attribute [contrato] for the entity class [class com.mycompany.mavenproject1.exemplo.jpa.Contrato] since weaving was not enabled or did not occur.
[EL Warning]: metadata: 2025-11-10 19:40:04.011--ServerSession(773662650)--Thread(Thread[#1,main,5,main])--Reverting the lazy setting on the OneToOne or ManyToOne attribute [prestador] for the entity class [class com.mycompany.mavenproject1.exemplo.jpa.Servico] since weaving was not enabled or did not occur.
[EL Severe]: 2025-11-10 19:40:04.051--ServerSession(773662650)--Thread(Thread[#1,main,5,main])--Exception [EclipseLink-0] (Eclipse Persistence Services - 4.0.4.v202407190748-059428cdd2583c46f1f3e50d235854840a6fa9a7): org.eclipse.persistence.exceptions.IntegrityException
Descriptor Exceptions: 
---------------------------------------------------------

Exception [EclipseLink-48] (Eclipse Persistence Services - 4.0.4.v202407190748-059428cdd2583c46f1f3e50d235854840a6fa9a7): org.eclipse.persistence.exceptions.DescriptorException
Exception Description: Multiple writable mappings exist for the field [CONTRATO.ID].  Only one may be defined as writable, all others must be specified read-only.
Mapping: org.eclipse.persistence.mappings.ManyToOneMapping[contrato]
Descriptor: RelationalDescriptor(com.mycompany.mavenproject1.exemplo.jpa.Contrato --> [DatabaseTable(CONTRATO)])

Exception [EclipseLink-48] (Eclipse Persistence Services - 4.0.4.v202407190748-059428cdd2583c46f1f3e50d235854840a6fa9a7): org.eclipse.persistence.exceptions.DescriptorException
Exception Description: Multiple writable mappings exist for the field [CONTRATO.ID].  Only one may be defined as writable, all others must be specified read-only.
Mapping: org.eclipse.persistence.mappings.ManyToOneMapping[servico]
Descriptor: RelationalDescriptor(com.mycompany.mavenproject1.exemplo.jpa.Contrato --> [DatabaseTable(CONTRATO)])

Exception [EclipseLink-93] (Eclipse Persistence Services - 4.0.4.v202407190748-059428cdd2583c46f1f3e50d235854840a6fa9a7): org.eclipse.persistence.exceptions.DescriptorException
Exception Description: The table [CONTRATO] is not present in this descriptor.
Descriptor: RelationalDescriptor(com.mycompany.mavenproject1.exemplo.jpa.Servico --> [DatabaseTable(SERVICO)])

Exception [EclipseLink-41] (Eclipse Persistence Services - 4.0.4.v202407190748-059428cdd2583c46f1f3e50d235854840a6fa9a7): org.eclipse.persistence.exceptions.DescriptorException
Exception Description: A non-read-only mapping must be defined for the sequence number field.
Descriptor: RelationalDescriptor(com.mycompany.mavenproject1.exemplo.jpa.Servico --> [DatabaseTable(SERVICO)])

Runtime Exceptions: 
---------------------------------------------------------

[EL Fine]: connection: 2025-11-10 19:40:04.068--ServerSession(773662650)--Connection(1799230133)--Thread(Thread[#1,main,5,main])--disconnect
[EL Fine]: connection: 2025-11-10 19:40:04.07--ServerSession(773662650)--Thread(Thread[#1,main,5,main])--/file:/C:/Users/l.ribeiro.da.costa/Downloads/mavenproject1/mavenproject1/target/classes/_exemplo_01 logout successful
[EL Fine]: connection: 2025-11-10 19:40:04.071--ServerSession(773662650)--Connection(485845532)--Thread(Thread[#1,main,5,main])--disconnect
[EL Severe]: ejb: 2025-11-10 19:40:04.075--ServerSession(773662650)--Thread(Thread[#1,main,5,main])--Exception [EclipseLink-0] (Eclipse Persistence Services - 4.0.4.v202407190748-059428cdd2583c46f1f3e50d235854840a6fa9a7): org.eclipse.persistence.exceptions.IntegrityException
Descriptor Exceptions: 
---------------------------------------------------------

Exception [EclipseLink-48] (Eclipse Persistence Services - 4.0.4.v202407190748-059428cdd2583c46f1f3e50d235854840a6fa9a7): org.eclipse.persistence.exceptions.DescriptorException
Exception Description: Multiple writable mappings exist for the field [CONTRATO.ID].  Only one may be defined as writable, all others must be specified read-only.
Mapping: org.eclipse.persistence.mappings.ManyToOneMapping[contrato]
Descriptor: RelationalDescriptor(com.mycompany.mavenproject1.exemplo.jpa.Contrato --> [DatabaseTable(CONTRATO)])

Exception [EclipseLink-48] (Eclipse Persistence Services - 4.0.4.v202407190748-059428cdd2583c46f1f3e50d235854840a6fa9a7): org.eclipse.persistence.exceptions.DescriptorException
Exception Description: Multiple writable mappings exist for the field [CONTRATO.ID].  Only one may be defined as writable, all others must be specified read-only.
Mapping: org.eclipse.persistence.mappings.ManyToOneMapping[servico]
Descriptor: RelationalDescriptor(com.mycompany.mavenproject1.exemplo.jpa.Contrato --> [DatabaseTable(CONTRATO)])

Exception [EclipseLink-93] (Eclipse Persistence Services - 4.0.4.v202407190748-059428cdd2583c46f1f3e50d235854840a6fa9a7): org.eclipse.persistence.exceptions.DescriptorException
Exception Description: The table [CONTRATO] is not present in this descriptor.
Descriptor: RelationalDescriptor(com.mycompany.mavenproject1.exemplo.jpa.Servico --> [DatabaseTable(SERVICO)])

Exception [EclipseLink-41] (Eclipse Persistence Services - 4.0.4.v202407190748-059428cdd2583c46f1f3e50d235854840a6fa9a7): org.eclipse.persistence.exceptions.DescriptorException
Exception Description: A non-read-only mapping must be defined for the sequence number field.
Descriptor: RelationalDescriptor(com.mycompany.mavenproject1.exemplo.jpa.Servico --> [DatabaseTable(SERVICO)])

Runtime Exceptions: 
---------------------------------------------------------

]]></system-out>
  </testcase>
  <testcase name="" classname="com.mycompany.mavenproject1.exemplo.jpa.CategoriaTest" time="1.104">
    <error message="Cannot invoke &quot;jakarta.persistence.EntityManagerFactory.close()&quot; because &quot;com.mycompany.mavenproject1.exemplo.jpa.Teste.emf&quot; is null" type="java.lang.NullPointerException"><![CDATA[java.lang.NullPointerException: Cannot invoke "jakarta.persistence.EntityManagerFactory.close()" because "com.mycompany.mavenproject1.exemplo.jpa.Teste.emf" is null
	at com.mycompany.mavenproject1.exemplo.jpa.Teste.tearDownClass(Teste.java:34)
	at java.base/jdk.internal.reflect.DirectMethodHandleAccessor.invoke(DirectMethodHandleAccessor.java:103)
	at java.base/java.lang.reflect.Method.invoke(Method.java:580)
	at org.junit.runners.model.FrameworkMethod$1.runReflectiveCall(FrameworkMethod.java:59)
	at org.junit.internal.runners.model.ReflectiveCallable.run(ReflectiveCallable.java:12)
	at org.junit.runners.model.FrameworkMethod.invokeExplosively(FrameworkMethod.java:56)
	at org.junit.internal.runners.statements.RunAfters.invokeMethod(RunAfters.java:46)
	at org.junit.internal.runners.statements.RunAfters.evaluate(RunAfters.java:33)
	at org.junit.runners.ParentRunner$3.evaluate(ParentRunner.java:306)
	at org.junit.runners.ParentRunner.run(ParentRunner.java:413)
	at org.apache.maven.surefire.junit4.JUnit4Provider.execute(JUnit4Provider.java:316)
	at org.apache.maven.surefire.junit4.JUnit4Provider.executeWithRerun(JUnit4Provider.java:240)
	at org.apache.maven.surefire.junit4.JUnit4Provider.executeTestSet(JUnit4Provider.java:214)
	at org.apache.maven.surefire.junit4.JUnit4Provider.invoke(JUnit4Provider.java:155)
	at org.apache.maven.surefire.booter.ForkedBooter.runSuitesInProcess(ForkedBooter.java:385)
	at org.apache.maven.surefire.booter.ForkedBooter.execute(ForkedBooter.java:162)
	at org.apache.maven.surefire.booter.ForkedBooter.run(ForkedBooter.java:507)
	at org.apache.maven.surefire.booter.ForkedBooter.main(ForkedBooter.java:495)
]]></error>
  </testcase>
</testsuite>